12:22:17.519 [main                     ] DEBUG Logger               - Configured Logger
12:22:17.525 [main                     ] DEBUG GameApplication      - Logging settings
Title: Pong
Version: 1.0
Width: 800
Height: 600
Fullscreen: false
Intro: false
Profiling: false
Single step:false
App Mode: DEBUG
Menu Key: ESCAPE
Stage Style: DECORATED
Scene Factory: class com.almasb.fxgl.app.scene.SceneFactory

12:22:17.911 [JavaFX Application Thread] DEBUG FXGLApplication      - Initializing FXGL
12:22:17.918 [JavaFX Application Thread] INFO  Engine               - FXGL-11.11 (08.09.2020 18.00) on WINDOWS (J:19 FX:14)
12:22:17.918 [JavaFX Application Thread] DEBUG Engine               - JRE Vendor Name: Oracle Corporation
12:22:17.918 [JavaFX Application Thread] DEBUG Engine               - Running on OS: Windows 11 version 10.0
12:22:17.918 [JavaFX Application Thread] DEBUG Engine               - Architecture: amd64
12:22:17.918 [JavaFX Application Thread] INFO  Engine               - Source code and latest versions at: https://github.com/AlmasB/FXGL
12:22:17.919 [JavaFX Application Thread] INFO  Engine               -              Join the FXGL chat at: https://gitter.im/AlmasB/FXGL
12:22:18.032 [JavaFX Application Thread] DEBUG MainWindow           - Creating a JavaFX scene
12:22:18.089 [JavaFX Application Thread] DEBUG MainWindow           - Target settings size: 800.0 x 600.0
12:22:18.089 [JavaFX Application Thread] DEBUG MainWindow           - Scaled scene size:    800.0 x 600.0
12:22:18.090 [JavaFX Application Thread] DEBUG MainWindow           - Scaled ratio: (1.0, 1.0)
12:22:18.091 [JavaFX Application Thread] DEBUG MainWindow           - Set initial scene to StartupScene
12:22:18.096 [JavaFX Application Thread] DEBUG MainWindow           - Opening main window
12:22:18.216 [JavaFX Application Thread] DEBUG MainWindow           - Window border size: (14.66668701171875, 37.33331298828125)
12:22:18.217 [JavaFX Application Thread] DEBUG MainWindow           - Scaled size: 800.0 x 600.0
12:22:18.217 [JavaFX Application Thread] DEBUG MainWindow           - Scaled ratio: (1.0, 1.0)
12:22:18.217 [JavaFX Application Thread] DEBUG MainWindow           - Scene size: 800.0 x 600.0
12:22:18.217 [JavaFX Application Thread] DEBUG MainWindow           - Stage size: 814.6666870117188 x 637.3333129882812
12:22:18.230 [FXGL Background Thread 1 ] DEBUG Engine               - Initializing environment variables
12:22:18.289 [FXGL Background Thread 1 ] DEBUG GameApplicationServi - Applying CSS: fxgl_dark.css
12:22:18.290 [FXGL Background Thread 1 ] DEBUG FXGLAssetLoaderServi - Loading from file system: /assets/ui/css/fxgl_dark.css
12:22:18.347 [FXGL Background Thread 1 ] DEBUG GameApplicationServi - Initializing application scenes
12:22:18.389 [FXGL Background Thread 1 ] DEBUG GameWorld            - Game world initialized
12:22:18.479 [FXGL Background Thread 1 ] DEBUG PhysicsWorld         - Physics world initialized: appHeight=600, physics.ppm=50.0
12:22:18.481 [FXGL Background Thread 1 ] DEBUG GameScene            - Game scene initialized: 800x600
12:22:18.521 [FXGL Background Thread 1 ] DEBUG FXGLAssetLoaderServi - Loading from file system: /assets/textures/particles/trace_horizontal.png
12:22:18.575 [FXGL Background Thread 1 ] DEBUG FXGL.DefaultMenu     - createMenuBodyGameMenu()
12:22:18.591 [FXGL Background Thread 1 ] DEBUG FXGL.DefaultMenu     - createOptionsMenu()
12:22:18.598 [FXGL Background Thread 1 ] DEBUG FXGLAssetLoaderServi - Loading from file system: /assets/textures/particles/smoke.png
12:22:18.650 [FXGL Background Thread 1 ] DEBUG GameApplicationServi - Application scenes initialized
12:22:18.661 [FXGL Background Thread 1 ] DEBUG SystemBundleService  - Loading FXGL system data
12:22:18.668 [FXGL Background Thread 1 ] DEBUG FileSystemAccess     - Reading from: C:\Users\Andre\Desktop\CI628Multi\CI628-Server-Repository\system\fxgl.bundle
12:22:18.679 [FXGL Background Thread 1 ] DEBUG SystemBundleService  - Bundle FXGL: {}
12:22:18.679 [FXGL Background Thread 1 ] DEBUG UpdaterService       - Checking for updates
12:22:18.683 [FXGL Background Thread 4 ] DEBUG FXGLApplication      - Loading fonts
12:22:18.684 [FXGL Background Thread 4 ] DEBUG FXGLAssetLoaderServi - Loading from file system: /assets/ui/fonts/pong.ttf
12:22:18.684 [FXGL Background Thread 1 ] DEBUG FXGLApplication      - Loading default localization
12:22:18.684 [FXGL Background Thread 1 ] DEBUG FXGLAssetLoaderServi - Loading from file system: /assets/languages/english.lang
12:22:18.704 [FXGL Background Thread 1 ] INFO  FXGLApplication      - FXGL initialization took: 0.474 sec
12:22:18.716 [JavaFX Application Thread] DEBUG Input                - Registered new binding: Up1 - W
12:22:18.716 [JavaFX Application Thread] DEBUG Input                - Registered new binding: Down1 - S
12:22:18.717 [JavaFX Application Thread] DEBUG Input                - Registered new binding: Up2 - I
12:22:18.717 [JavaFX Application Thread] DEBUG Input                - Registered new binding: Down2 - K
12:22:18.717 [JavaFX Application Thread] DEBUG FXGLAssetLoaderServi - Loading from file system: /assets/textures/fxgl_icon.png
12:22:18.741 [JavaFX Application Thread] DEBUG FXGLAssetLoaderServi - Loading from file system: /assets/ui/cursors/fxgl_default.png
12:22:18.743 [JavaFX Application Thread] DEBUG Input                - Registered new binding: Screenshot - P
12:22:18.744 [JavaFX Application Thread] DEBUG Input                - Registered new binding: System info dump - CTRL+9
12:22:18.745 [JavaFX Application Thread] DEBUG Input                - Registered new binding: Restart - CTRL+R
12:22:18.746 [JavaFX Application Thread] DEBUG Input                - Registered new binding: Toggle Debug Camera - CTRL+C
12:22:18.749 [JavaFX Application Thread] DEBUG LoopRunner           - Starting loop
12:22:18.752 [JavaFX Application Thread] DEBUG GameApplicationServi - Starting new game
12:22:18.752 [JavaFX Application Thread] DEBUG Input                - Clearing active input actions
12:22:18.767 [FXGL Background Thread 4 ] DEBUG FXGLAssetLoaderServi - Loading from file system: /assets/ui/fonts/Abel-Regular.ttf
12:22:18.768 [JavaFX Application Thread] DEBUG GameApplicationServi - Removing overlay from StartupScene and adding to FXGLLoadingScene
12:22:18.769 [JavaFX Application Thread] DEBUG MainWindow           - StartupScene -> FXGLLoadingScene
12:22:18.769 [JavaFX Application Thread] DEBUG GameApplicationServi - Clearing previous game
12:22:18.769 [JavaFX Application Thread] DEBUG GameScene            - Clearing game scene
12:22:18.769 [JavaFX Application Thread] DEBUG GameWorld            - Clearing game world
12:22:18.769 [JavaFX Application Thread] DEBUG PhysicsWorld         - Clearing physics world
12:22:18.771 [FXGL Background Thread 1 ] DEBUG FXGLApplication      - Initializing game
12:22:18.782 [FXGL Background Thread 4 ] DEBUG FXGLAssetLoaderServi - Loading from file system: /assets/ui/fonts/lucida_console.ttf
12:22:18.802 [FXGL Background Thread 4 ] DEBUG FXGLAssetLoaderServi - Loading from file system: /assets/ui/fonts/Courier-Prime.ttf
12:22:18.859 [FXGL Background Thread 1 ] DEBUG FXGLAssetLoaderServi - Loading from file system: /assets/ui/main.fxml
12:22:18.874 [Thread-4                 ] DEBUG TCPServer            - Starting to listen at: 55555 type: class java.lang.String
12:22:18.975 [JavaFX Application Thread] DEBUG FXGLApplication      - Registering font factories with UI factory
12:22:18.993 [FXGL Background Thread 1 ] INFO  FXGLApplication      - Game initialization took: 0.222 sec
12:22:19.018 [JavaFX Application Thread] DEBUG Input                - Clearing active input actions
12:22:19.048 [JavaFX Application Thread] DEBUG GameApplicationServi - Removing overlay from FXGLLoadingScene and adding to GameScene
12:22:19.049 [JavaFX Application Thread] DEBUG MainWindow           - FXGLLoadingScene -> GameScene
12:22:19.177 [FXGL Background Thread 2 ] INFO  UpdaterService       - Your current version:  11.11
12:22:19.178 [FXGL Background Thread 2 ] INFO  UpdaterService       - Latest stable version: 17+dev-SNAPSHOT
12:22:21.685 [FXGL Background Thread 3 ] DEBUG Engine               - Logging environment variables
12:22:21.685 [FXGL Background Thread 3 ] DEBUG Engine               - achievements: []
12:22:21.686 [FXGL Background Thread 3 ] DEBUG Engine               - appIcon: fxgl_icon.png
12:22:21.686 [FXGL Background Thread 3 ] DEBUG Engine               - applicationMode: DEBUG
12:22:21.686 [FXGL Background Thread 3 ] DEBUG Engine               - cSSList: [fxgl_dark.css]
12:22:21.686 [FXGL Background Thread 3 ] DEBUG Engine               - configClass: Optional.empty
12:22:21.686 [FXGL Background Thread 3 ] DEBUG Engine               - credits: []
12:22:21.686 [FXGL Background Thread 3 ] DEBUG Engine               - devBBoxColorProperty: ObjectProperty [value: 0xff0000ff]
12:22:21.687 [FXGL Background Thread 3 ] DEBUG Engine               - devEnableDebugCameraProperty: BooleanProperty [value: false]
12:22:21.687 [FXGL Background Thread 3 ] DEBUG Engine               - devSensorColorProperty: ObjectProperty [value: 0xffff00ff]
12:22:21.687 [FXGL Background Thread 3 ] DEBUG Engine               - devShowBBoxProperty: BooleanProperty [value: false]
12:22:21.687 [FXGL Background Thread 3 ] DEBUG Engine               - devShowPositionProperty: BooleanProperty [value: false]
12:22:21.687 [FXGL Background Thread 3 ] DEBUG Engine               - enabledMenuItems: []
12:22:21.687 [FXGL Background Thread 3 ] DEBUG Engine               - engineServices: [class com.almasb.fxgl.app.FXGLApplication$GameApplicationService, class com.almasb.fxgl.app.services.FXGLDialogService, class com.almasb.fxgl.app.services.IOTaskExecutorService, class com.almasb.fxgl.event.EventBusService, class com.almasb.fxgl.io.FileSystemService, class com.almasb.fxgl.localization.LocalizationService, class com.almasb.fxgl.app.services.FXGLAssetLoaderService, class com.almasb.fxgl.app.services.SystemBundleService, class com.almasb.fxgl.profile.SaveLoadService, class com.almasb.fxgl.ui.FXGLUIFactoryServiceProvider, class com.almasb.fxgl.ui.FXGLDialogFactoryServiceProvider, class com.almasb.fxgl.audio.AudioPlayer, class com.almasb.fxgl.notification.impl.NotificationServiceProvider, class com.almasb.fxgl.achievement.AchievementService, class com.almasb.fxgl.cutscene.CutsceneService, class com.almasb.fxgl.minigames.MiniGameService, class com.almasb.fxgl.net.NetService, class com.almasb.fxgl.app.services.UpdaterService, class com.almasb.fxgl.dev.DevService]
12:22:21.687 [FXGL Background Thread 3 ] DEBUG Engine               - fontGame: Abel-Regular.ttf
12:22:21.687 [FXGL Background Thread 3 ] DEBUG Engine               - fontMono: lucida_console.ttf
12:22:21.687 [FXGL Background Thread 3 ] DEBUG Engine               - fontText: Courier-Prime.ttf
12:22:21.688 [FXGL Background Thread 3 ] DEBUG Engine               - fontUI: pong.ttf
12:22:21.688 [FXGL Background Thread 3 ] DEBUG Engine               - fullScreen: BooleanProperty [value: false]
12:22:21.688 [FXGL Background Thread 3 ] DEBUG Engine               - gameDifficulty: MEDIUM
12:22:21.688 [FXGL Background Thread 3 ] DEBUG Engine               - gameDifficultyProperty: ObjectProperty [value: MEDIUM]
12:22:21.688 [FXGL Background Thread 3 ] DEBUG Engine               - globalMusicVolume: 0.5
12:22:21.688 [FXGL Background Thread 3 ] DEBUG Engine               - globalMusicVolumeProperty: DoubleProperty [value: 0.5]
12:22:21.688 [FXGL Background Thread 3 ] DEBUG Engine               - globalSoundVolume: 0.5
12:22:21.688 [FXGL Background Thread 3 ] DEBUG Engine               - globalSoundVolumeProperty: DoubleProperty [value: 0.5]
12:22:21.688 [FXGL Background Thread 3 ] DEBUG Engine               - height: 600
12:22:21.688 [FXGL Background Thread 3 ] DEBUG Engine               - isAndroid: false
12:22:21.688 [FXGL Background Thread 3 ] DEBUG Engine               - isBrowser: false
12:22:21.689 [FXGL Background Thread 3 ] DEBUG Engine               - isClickFeedbackEnabled: false
12:22:21.689 [FXGL Background Thread 3 ] DEBUG Engine               - isCloseConfirmation: false
12:22:21.689 [FXGL Background Thread 3 ] DEBUG Engine               - isDesktop: true
12:22:21.689 [FXGL Background Thread 3 ] DEBUG Engine               - isDeveloperMenuEnabled: false
12:22:21.689 [FXGL Background Thread 3 ] DEBUG Engine               - isEntityPreloadEnabled: true
12:22:21.689 [FXGL Background Thread 3 ] DEBUG Engine               - isExperimentalNative: false
12:22:21.689 [FXGL Background Thread 3 ] DEBUG Engine               - isExperimentalTiledLargeMap: false
12:22:21.689 [FXGL Background Thread 3 ] DEBUG Engine               - isFileSystemWriteAllowed: true
12:22:21.690 [FXGL Background Thread 3 ] DEBUG Engine               - isFullScreenAllowed: false
12:22:21.690 [FXGL Background Thread 3 ] DEBUG Engine               - isFullScreenFromStart: false
12:22:21.690 [FXGL Background Thread 3 ] DEBUG Engine               - isGameMenuEnabled: true
12:22:21.690 [FXGL Background Thread 3 ] DEBUG Engine               - isIOS: false
12:22:21.690 [FXGL Background Thread 3 ] DEBUG Engine               - isIntroEnabled: false
12:22:21.690 [FXGL Background Thread 3 ] DEBUG Engine               - isLinux: false
12:22:21.691 [FXGL Background Thread 3 ] DEBUG Engine               - isMac: false
12:22:21.691 [FXGL Background Thread 3 ] DEBUG Engine               - isMainMenuEnabled: false
12:22:21.691 [FXGL Background Thread 3 ] DEBUG Engine               - isManualResizeEnabled: false
12:22:21.691 [FXGL Background Thread 3 ] DEBUG Engine               - isMobile: false
12:22:21.691 [FXGL Background Thread 3 ] DEBUG Engine               - isPreserveResizeRatio: false
12:22:21.691 [FXGL Background Thread 3 ] DEBUG Engine               - isProfilingEnabled: false
12:22:21.691 [FXGL Background Thread 3 ] DEBUG Engine               - isSingleStep: false
12:22:21.691 [FXGL Background Thread 3 ] DEBUG Engine               - isUserProfileEnabled: false
12:22:21.691 [FXGL Background Thread 3 ] DEBUG Engine               - isWindows: true
12:22:21.692 [FXGL Background Thread 3 ] DEBUG Engine               - language: ObjectProperty [value: ENGLISH]
12:22:21.692 [FXGL Background Thread 3 ] DEBUG Engine               - menuKey: ESCAPE
12:22:21.692 [FXGL Background Thread 3 ] DEBUG Engine               - notificationViewClass: class com.almasb.fxgl.notification.view.XboxNotificationView
12:22:21.692 [FXGL Background Thread 3 ] DEBUG Engine               - pixelsPerMeter: 50.0
12:22:21.692 [FXGL Background Thread 3 ] DEBUG Engine               - platform: WINDOWS
12:22:21.692 [FXGL Background Thread 3 ] DEBUG Engine               - profileDir: profiles/
12:22:21.693 [FXGL Background Thread 3 ] DEBUG Engine               - profileName: StringProperty [value: DEFAULT]
12:22:21.693 [FXGL Background Thread 3 ] DEBUG Engine               - randomSeed: -1
12:22:21.693 [FXGL Background Thread 3 ] DEBUG Engine               - runtimeInfo: RuntimeInfo(platform=WINDOWS, version=11.11, build=08.09.2020 18.00)
12:22:21.693 [FXGL Background Thread 3 ] DEBUG Engine               - saveFileExt: sav
12:22:21.693 [FXGL Background Thread 3 ] DEBUG Engine               - sceneFactory: com.almasb.fxgl.app.scene.SceneFactory@4e6369a1
12:22:21.693 [FXGL Background Thread 3 ] DEBUG Engine               - secondsIn24h: 60
12:22:21.694 [FXGL Background Thread 3 ] DEBUG Engine               - soundMenuBack: menu/back.wav
12:22:21.694 [FXGL Background Thread 3 ] DEBUG Engine               - soundMenuPress: menu/press.wav
12:22:21.694 [FXGL Background Thread 3 ] DEBUG Engine               - soundMenuSelect: menu/select.wav
12:22:21.694 [FXGL Background Thread 3 ] DEBUG Engine               - soundNotification: core/notification.wav
12:22:21.694 [FXGL Background Thread 3 ] DEBUG Engine               - stageStyle: DECORATED
12:22:21.694 [FXGL Background Thread 3 ] DEBUG Engine               - supportedLanguages: [ENGLISH, FRENCH, GERMAN, HUNGARIAN, RUSSIAN]
12:22:21.694 [FXGL Background Thread 3 ] DEBUG Engine               - title: Pong
12:22:21.694 [FXGL Background Thread 3 ] DEBUG Engine               - urlGithub: https://github.com/AlmasB/FXGL
12:22:21.694 [FXGL Background Thread 3 ] DEBUG Engine               - urlLeaderboard: http://fxgl-top.herokuapp.com/
12:22:21.694 [FXGL Background Thread 3 ] DEBUG Engine               - urlPOM: https://raw.githubusercontent.com/AlmasB/FXGL/master/pom.xml
12:22:21.695 [FXGL Background Thread 3 ] DEBUG Engine               - version: 1.0
12:22:21.695 [FXGL Background Thread 3 ] DEBUG Engine               - versionCheckDays: 7
12:22:21.695 [FXGL Background Thread 3 ] DEBUG Engine               - width: 800
12:22:21.695 [FXGL Background Thread 3 ] DEBUG Engine               - Logging services
12:22:21.695 [FXGL Background Thread 3 ] DEBUG Engine               - class com.almasb.fxgl.app.FXGLApplication$GameApplicationService
12:22:21.695 [FXGL Background Thread 3 ] DEBUG Engine               - class com.almasb.fxgl.app.services.FXGLDialogService
12:22:21.695 [FXGL Background Thread 3 ] DEBUG Engine               - class com.almasb.fxgl.app.services.IOTaskExecutorService
12:22:21.695 [FXGL Background Thread 3 ] DEBUG Engine               - class com.almasb.fxgl.event.EventBusService
12:22:21.695 [FXGL Background Thread 3 ] DEBUG Engine               - class com.almasb.fxgl.io.FileSystemService
12:22:21.695 [FXGL Background Thread 3 ] DEBUG Engine               - class com.almasb.fxgl.localization.LocalizationService
12:22:21.696 [FXGL Background Thread 3 ] DEBUG Engine               - class com.almasb.fxgl.app.services.FXGLAssetLoaderService
12:22:21.696 [FXGL Background Thread 3 ] DEBUG Engine               - class com.almasb.fxgl.app.services.SystemBundleService
12:22:21.696 [FXGL Background Thread 3 ] DEBUG Engine               - class com.almasb.fxgl.profile.SaveLoadService
12:22:21.696 [FXGL Background Thread 3 ] DEBUG Engine               - class com.almasb.fxgl.ui.FXGLUIFactoryServiceProvider
12:22:21.696 [FXGL Background Thread 3 ] DEBUG Engine               - class com.almasb.fxgl.ui.FXGLDialogFactoryServiceProvider
12:22:21.696 [FXGL Background Thread 3 ] DEBUG Engine               - class com.almasb.fxgl.audio.AudioPlayer
12:22:21.696 [FXGL Background Thread 3 ] DEBUG Engine               - class com.almasb.fxgl.notification.impl.NotificationServiceProvider
12:22:21.697 [FXGL Background Thread 3 ] DEBUG Engine               - class com.almasb.fxgl.achievement.AchievementService
12:22:21.697 [FXGL Background Thread 3 ] DEBUG Engine               - class com.almasb.fxgl.cutscene.CutsceneService
12:22:21.697 [FXGL Background Thread 3 ] DEBUG Engine               - class com.almasb.fxgl.minigames.MiniGameService
12:22:21.697 [FXGL Background Thread 3 ] DEBUG Engine               - class com.almasb.fxgl.net.NetService
12:22:21.697 [FXGL Background Thread 3 ] DEBUG Engine               - class com.almasb.fxgl.app.services.UpdaterService
12:22:21.697 [FXGL Background Thread 3 ] DEBUG Engine               - class com.almasb.fxgl.dev.DevService
12:22:28.894 [Thread-4                 ] DEBUG Endpoint             - TCPServer opening new connection (1) from /127.0.0.1:63415 type: class java.lang.String
12:22:28.896 [Thread-4                 ] DEBUG Endpoint             - TCPServer successfully opened connection (1)
12:22:28.899 [TCPServer_SendThread-1   ] DEBUG Writers              - Getting TCPMessageWriter for class java.lang.String
12:22:28.901 [TCPServer_SendThread-1   ] DEBUG Writers              - Constructed TCPMessageWriter for class java.lang.String: MessageWriterS
12:22:28.902 [TCPServer_RecvThread-1   ] DEBUG Readers              - Getting TCPMessageReader for class java.lang.String
12:22:28.906 [TCPServer_RecvThread-1   ] DEBUG Readers              - Constructed MessageReader for class java.lang.String: MessageReaderS
12:22:29.981 [JavaFX Application Thread] DEBUG Input                - Mocking key press: S
12:22:30.623 [JavaFX Application Thread] DEBUG Input                - Mocking key press: W
12:22:30.644 [JavaFX Application Thread] DEBUG Input                - Mocking key release: S
12:22:31.258 [JavaFX Application Thread] DEBUG Input                - Mocking key release: W
12:22:31.684 [JavaFX Application Thread] DEBUG Input                - Mocking key press: S
12:22:32.195 [JavaFX Application Thread] DEBUG Input                - Mocking key press: W
12:22:32.211 [JavaFX Application Thread] DEBUG Input                - Mocking key release: S
12:22:32.481 [JavaFX Application Thread] DEBUG Input                - Mocking key release: W
12:22:32.620 [JavaFX Application Thread] DEBUG Input                - Mocking key press: S
12:22:33.008 [JavaFX Application Thread] DEBUG Input                - Mocking key press: W
12:22:33.041 [JavaFX Application Thread] DEBUG Input                - Mocking key release: S
12:22:33.617 [JavaFX Application Thread] DEBUG Input                - Mocking key release: W
12:22:57.224 [JavaFX Application Thread] DEBUG Input                - Mocking key press: S
12:22:57.815 [JavaFX Application Thread] DEBUG Input                - Mocking key release: S
12:22:58.259 [JavaFX Application Thread] DEBUG Input                - Mocking key press: W
12:22:58.508 [JavaFX Application Thread] DEBUG Input                - Mocking key release: W
12:22:58.742 [JavaFX Application Thread] DEBUG Input                - Mocking key press: S
12:22:58.942 [JavaFX Application Thread] DEBUG Input                - Mocking key release: S
12:22:59.409 [JavaFX Application Thread] DEBUG Input                - Mocking key press: S
12:22:59.608 [JavaFX Application Thread] DEBUG Input                - Mocking key release: S
12:22:59.749 [JavaFX Application Thread] DEBUG Input                - Mocking key press: W
12:23:00.125 [JavaFX Application Thread] DEBUG Input                - Mocking key release: W
12:23:00.450 [JavaFX Application Thread] DEBUG Input                - Mocking key press: S
12:23:00.627 [JavaFX Application Thread] DEBUG Input                - Mocking key release: S
12:23:01.132 [JavaFX Application Thread] DEBUG Input                - Mocking key press: S
12:23:01.259 [JavaFX Application Thread] DEBUG Input                - Mocking key release: S
12:23:02.543 [JavaFX Application Thread] DEBUG Input                - Mocking key press: W
12:23:02.717 [JavaFX Application Thread] DEBUG Input                - Mocking key press: S
12:23:02.780 [JavaFX Application Thread] DEBUG Input                - Mocking key release: W
12:23:02.980 [JavaFX Application Thread] DEBUG Input                - Mocking key release: S
12:23:03.066 [JavaFX Application Thread] DEBUG Input                - Mocking key press: W
12:23:03.197 [JavaFX Application Thread] DEBUG Input                - Mocking key press: S
12:23:03.246 [JavaFX Application Thread] DEBUG Input                - Mocking key release: W
12:23:03.395 [JavaFX Application Thread] DEBUG Input                - Mocking key release: S
12:23:03.480 [JavaFX Application Thread] DEBUG Input                - Mocking key press: W
12:23:03.640 [JavaFX Application Thread] DEBUG Input                - Mocking key press: S
12:23:03.703 [JavaFX Application Thread] DEBUG Input                - Mocking key release: W
12:23:03.991 [JavaFX Application Thread] DEBUG Input                - Mocking key press: W
12:23:04.015 [JavaFX Application Thread] DEBUG Input                - Mocking key release: S
12:23:04.326 [JavaFX Application Thread] DEBUG Input                - Mocking key press: S
12:23:04.359 [JavaFX Application Thread] DEBUG Input                - Mocking key release: W
12:23:04.825 [JavaFX Application Thread] DEBUG Input                - Mocking key release: S
12:23:05.025 [JavaFX Application Thread] DEBUG Input                - Mocking key press: W
12:23:05.458 [JavaFX Application Thread] DEBUG Input                - Mocking key release: W
12:23:20.643 [Thread-4                 ] DEBUG Endpoint             - TCPServer opening new connection (2) from /127.0.0.1:63419 type: class java.lang.String
12:23:20.644 [Thread-4                 ] DEBUG Endpoint             - TCPServer successfully opened connection (2)
12:23:20.647 [TCPServer_SendThread-2   ] DEBUG Writers              - Getting TCPMessageWriter for class java.lang.String
12:23:20.648 [TCPServer_SendThread-2   ] DEBUG Writers              - Constructed TCPMessageWriter for class java.lang.String: MessageWriterS
12:23:20.648 [TCPServer_RecvThread-2   ] DEBUG Readers              - Constructed MessageReader for class java.lang.String: MessageReaderS
12:23:21.775 [JavaFX Application Thread] DEBUG Input                - Mocking key press: K
12:23:22.024 [JavaFX Application Thread] DEBUG Input                - Mocking key press: I
12:23:22.058 [JavaFX Application Thread] DEBUG Input                - Mocking key release: K
12:23:22.162 [JavaFX Application Thread] DEBUG Input                - Mocking key release: I
12:23:22.592 [JavaFX Application Thread] DEBUG Input                - Mocking key release: S
12:23:22.648 [JavaFX Application Thread] DEBUG Input                - Mocking key release: W
12:23:22.913 [JavaFX Application Thread] DEBUG Input                - Mocking key release: S
12:23:23.042 [JavaFX Application Thread] DEBUG Input                - Mocking key press: I
12:23:23.444 [JavaFX Application Thread] DEBUG Input                - Mocking key release: I
12:23:23.506 [JavaFX Application Thread] DEBUG Input                - Mocking key press: K
12:23:23.942 [JavaFX Application Thread] DEBUG Input                - Mocking key release: K
12:23:25.195 [JavaFX Application Thread] DEBUG Input                - Mocking key press: I
12:23:25.610 [JavaFX Application Thread] DEBUG Input                - Mocking key release: I
12:23:25.725 [JavaFX Application Thread] DEBUG Input                - Mocking key press: K
12:23:25.960 [JavaFX Application Thread] DEBUG Input                - Mocking key release: K
12:23:30.682 [JavaFX Application Thread] DEBUG Input                - Mocking key press: K
12:23:30.926 [JavaFX Application Thread] DEBUG Input                - Mocking key press: I
12:23:31.111 [JavaFX Application Thread] DEBUG Input                - Mocking key release: K
12:23:31.442 [JavaFX Application Thread] DEBUG Input                - Mocking key release: I
12:23:54.421 [Thread-4                 ] DEBUG Endpoint             - TCPServer opening new connection (3) from /127.0.0.1:63423 type: class java.lang.String
12:23:54.421 [Thread-4                 ] DEBUG Endpoint             - TCPServer successfully opened connection (3)
12:23:54.423 [TCPServer_RecvThread-3   ] DEBUG Readers              - Getting TCPMessageReader for class java.lang.String
12:23:54.423 [TCPServer_SendThread-3   ] DEBUG Writers              - Getting TCPMessageWriter for class java.lang.String
12:23:54.424 [TCPServer_RecvThread-3   ] DEBUG Readers              - Constructed MessageReader for class java.lang.String: MessageReaderS
12:23:54.424 [TCPServer_SendThread-3   ] DEBUG Writers              - Constructed TCPMessageWriter for class java.lang.String: MessageWriterS
12:24:10.116 [JavaFX Application Thread] DEBUG LoopRunner           - Stopping loop
12:24:10.118 [JavaFX Application Thread] FATAL FXGLApplication      - Uncaught Exception:
java.lang.IllegalArgumentException: Property ID does not exist
	at com.almasb.fxgl.core/com.almasb.fxgl.core.collection.PropertyMap.get(PropertyMap.kt:215)
	at com.almasb.fxgl.core/com.almasb.fxgl.core.collection.PropertyMap.stringProperty(PropertyMap.kt:139)
	at com.almasb.fxgl.core/com.almasb.fxgl.core.collection.PropertyMap.getString(PropertyMap.kt:129)
	at pong.main/com.almasb.fxglgames.pong.PongApp.lambda$onReceive$3(PongApp.java:354)
	at java.base/java.util.stream.ForEachOps$ForEachOp$OfRef.accept(ForEachOps.java:183)
	at java.base/java.util.stream.SliceOps$1$1.accept(SliceOps.java:200)
	at java.base/java.util.Spliterators$ArraySpliterator.forEachRemaining(Spliterators.java:1006)
	at java.base/java.util.stream.AbstractPipeline.copyInto(AbstractPipeline.java:509)
	at java.base/java.util.stream.AbstractPipeline.wrapAndCopyInto(AbstractPipeline.java:499)
	at java.base/java.util.stream.ForEachOps$ForEachOp.evaluateSequential(ForEachOps.java:150)
	at java.base/java.util.stream.ForEachOps$ForEachOp$OfRef.evaluateSequential(ForEachOps.java:173)
	at java.base/java.util.stream.AbstractPipeline.evaluate(AbstractPipeline.java:234)
	at java.base/java.util.stream.ReferencePipeline.forEach(ReferencePipeline.java:596)
	at pong.main/com.almasb.fxglgames.pong.PongApp.onReceive(PongApp.java:352)
	at pong.main/com.almasb.fxglgames.pong.PongApp.onReceive(PongApp.java:66)
	at com.almasb.fxgl.net/com.almasb.fxgl.net.Connection.lambda$notifyMessageReceived$1(Connection.java:100)
	at java.base/java.util.ArrayList.forEach(ArrayList.java:1511)
	at com.almasb.fxgl.net/com.almasb.fxgl.net.Connection.lambda$notifyMessageReceived$2(Connection.java:100)
	at javafx.graphics/com.sun.javafx.application.PlatformImpl.lambda$runLater$10(PlatformImpl.java:428)
	at java.base/java.security.AccessController.doPrivileged(AccessController.java:399)
	at javafx.graphics/com.sun.javafx.application.PlatformImpl.lambda$runLater$11(PlatformImpl.java:427)
	at javafx.graphics/com.sun.glass.ui.InvokeLaterDispatcher$Future.run(InvokeLaterDispatcher.java:96)
	at javafx.graphics/com.sun.glass.ui.win.WinApplication._runLoop(Native Method)
	at javafx.graphics/com.sun.glass.ui.win.WinApplication.lambda$runLoop$3(WinApplication.java:174)
	at java.base/java.lang.Thread.run(Thread.java:1589)

12:24:10.118 [JavaFX Application Thread] FATAL FXGLApplication      - Application will now exit
12:24:10.163 [JavaFX Application Thread] DEBUG MainWindow           - Push state: ErrorSubScene
12:24:10.164 [JavaFX Application Thread] DEBUG Input                - Clearing active input actions
12:24:10.172 [JavaFX Application Thread] DEBUG GameApplicationServi - Removing overlay from GameScene and adding to ErrorSubScene
12:24:10.174 [JavaFX Application Thread] DEBUG MainWindow           - GameScene -> ErrorSubScene
12:24:23.785 [JavaFX Application Thread] DEBUG FXGLApplication      - Exiting FXGL
12:24:23.785 [JavaFX Application Thread] DEBUG Async                - Shutting down background threads
12:24:23.785 [JavaFX Application Thread] DEBUG MainWindow           - Closing main window
12:24:23.821 [JavaFX Application Thread] DEBUG Logger               - Closing Logger
