12:27:30.834 [main                     ] DEBUG Logger               - Configured Logger
12:27:30.839 [main                     ] DEBUG GameApplication      - Logging settings
Title: Pong
Version: 1.0
Width: 800
Height: 600
Fullscreen: false
Intro: false
Profiling: false
Single step:false
App Mode: DEBUG
Menu Key: ESCAPE
Stage Style: DECORATED
Scene Factory: class com.almasb.fxgl.app.scene.SceneFactory

12:27:31.215 [JavaFX Application Thread] DEBUG FXGLApplication      - Initializing FXGL
12:27:31.222 [JavaFX Application Thread] INFO  Engine               - FXGL-11.11 (08.09.2020 18.00) on WINDOWS (J:19 FX:14)
12:27:31.222 [JavaFX Application Thread] DEBUG Engine               - JRE Vendor Name: Oracle Corporation
12:27:31.222 [JavaFX Application Thread] DEBUG Engine               - Running on OS: Windows 11 version 10.0
12:27:31.222 [JavaFX Application Thread] DEBUG Engine               - Architecture: amd64
12:27:31.222 [JavaFX Application Thread] INFO  Engine               - Source code and latest versions at: https://github.com/AlmasB/FXGL
12:27:31.223 [JavaFX Application Thread] INFO  Engine               -              Join the FXGL chat at: https://gitter.im/AlmasB/FXGL
12:27:31.332 [JavaFX Application Thread] DEBUG MainWindow           - Creating a JavaFX scene
12:27:31.387 [JavaFX Application Thread] DEBUG MainWindow           - Target settings size: 800.0 x 600.0
12:27:31.388 [JavaFX Application Thread] DEBUG MainWindow           - Scaled scene size:    800.0 x 600.0
12:27:31.388 [JavaFX Application Thread] DEBUG MainWindow           - Scaled ratio: (1.0, 1.0)
12:27:31.390 [JavaFX Application Thread] DEBUG MainWindow           - Set initial scene to StartupScene
12:27:31.398 [JavaFX Application Thread] DEBUG MainWindow           - Opening main window
12:27:31.524 [JavaFX Application Thread] DEBUG MainWindow           - Window border size: (14.66668701171875, 37.33331298828125)
12:27:31.524 [JavaFX Application Thread] DEBUG MainWindow           - Scaled size: 800.0 x 600.0
12:27:31.525 [JavaFX Application Thread] DEBUG MainWindow           - Scaled ratio: (1.0, 1.0)
12:27:31.525 [JavaFX Application Thread] DEBUG MainWindow           - Scene size: 800.0 x 600.0
12:27:31.525 [JavaFX Application Thread] DEBUG MainWindow           - Stage size: 814.6666870117188 x 637.3333129882812
12:27:31.536 [FXGL Background Thread 1 ] DEBUG Engine               - Initializing environment variables
12:27:31.593 [FXGL Background Thread 1 ] DEBUG GameApplicationServi - Applying CSS: fxgl_dark.css
12:27:31.593 [FXGL Background Thread 1 ] DEBUG FXGLAssetLoaderServi - Loading from file system: /assets/ui/css/fxgl_dark.css
12:27:31.653 [FXGL Background Thread 1 ] DEBUG GameApplicationServi - Initializing application scenes
12:27:31.699 [FXGL Background Thread 1 ] DEBUG GameWorld            - Game world initialized
12:27:31.783 [FXGL Background Thread 1 ] DEBUG PhysicsWorld         - Physics world initialized: appHeight=600, physics.ppm=50.0
12:27:31.786 [FXGL Background Thread 1 ] DEBUG GameScene            - Game scene initialized: 800x600
12:27:31.831 [FXGL Background Thread 1 ] DEBUG FXGLAssetLoaderServi - Loading from file system: /assets/textures/particles/trace_horizontal.png
12:27:31.888 [FXGL Background Thread 1 ] DEBUG FXGL.DefaultMenu     - createMenuBodyGameMenu()
12:27:31.905 [FXGL Background Thread 1 ] DEBUG FXGL.DefaultMenu     - createOptionsMenu()
12:27:31.910 [FXGL Background Thread 1 ] DEBUG FXGLAssetLoaderServi - Loading from file system: /assets/textures/particles/smoke.png
12:27:31.967 [FXGL Background Thread 1 ] DEBUG GameApplicationServi - Application scenes initialized
12:27:31.978 [FXGL Background Thread 1 ] DEBUG SystemBundleService  - Loading FXGL system data
12:27:31.985 [FXGL Background Thread 1 ] DEBUG FileSystemAccess     - Reading from: C:\Users\Andre\Desktop\CI628Multi\CI628-Server-Repository\system\fxgl.bundle
12:27:31.996 [FXGL Background Thread 1 ] DEBUG SystemBundleService  - Bundle FXGL: {}
12:27:31.996 [FXGL Background Thread 1 ] DEBUG UpdaterService       - Checking for updates
12:27:32.000 [FXGL Background Thread 4 ] DEBUG FXGLApplication      - Loading fonts
12:27:32.001 [FXGL Background Thread 4 ] DEBUG FXGLAssetLoaderServi - Loading from file system: /assets/ui/fonts/pong.ttf
12:27:32.001 [FXGL Background Thread 1 ] DEBUG FXGLApplication      - Loading default localization
12:27:32.001 [FXGL Background Thread 1 ] DEBUG FXGLAssetLoaderServi - Loading from file system: /assets/languages/english.lang
12:27:32.022 [FXGL Background Thread 1 ] INFO  FXGLApplication      - FXGL initialization took: 0.486 sec
12:27:32.034 [JavaFX Application Thread] DEBUG Input                - Registered new binding: Up1 - W
12:27:32.034 [JavaFX Application Thread] DEBUG Input                - Registered new binding: Down1 - S
12:27:32.034 [JavaFX Application Thread] DEBUG Input                - Registered new binding: Up2 - I
12:27:32.035 [JavaFX Application Thread] DEBUG Input                - Registered new binding: Down2 - K
12:27:32.035 [JavaFX Application Thread] DEBUG FXGLAssetLoaderServi - Loading from file system: /assets/textures/fxgl_icon.png
12:27:32.055 [JavaFX Application Thread] DEBUG FXGLAssetLoaderServi - Loading from file system: /assets/ui/cursors/fxgl_default.png
12:27:32.058 [JavaFX Application Thread] DEBUG Input                - Registered new binding: Screenshot - P
12:27:32.059 [JavaFX Application Thread] DEBUG Input                - Registered new binding: System info dump - CTRL+9
12:27:32.060 [JavaFX Application Thread] DEBUG Input                - Registered new binding: Restart - CTRL+R
12:27:32.061 [JavaFX Application Thread] DEBUG Input                - Registered new binding: Toggle Debug Camera - CTRL+C
12:27:32.065 [JavaFX Application Thread] DEBUG LoopRunner           - Starting loop
12:27:32.066 [JavaFX Application Thread] DEBUG GameApplicationServi - Starting new game
12:27:32.066 [JavaFX Application Thread] DEBUG Input                - Clearing active input actions
12:27:32.079 [JavaFX Application Thread] DEBUG GameApplicationServi - Removing overlay from StartupScene and adding to FXGLLoadingScene
12:27:32.079 [JavaFX Application Thread] DEBUG MainWindow           - StartupScene -> FXGLLoadingScene
12:27:32.079 [JavaFX Application Thread] DEBUG GameApplicationServi - Clearing previous game
12:27:32.080 [JavaFX Application Thread] DEBUG GameScene            - Clearing game scene
12:27:32.080 [JavaFX Application Thread] DEBUG GameWorld            - Clearing game world
12:27:32.080 [JavaFX Application Thread] DEBUG PhysicsWorld         - Clearing physics world
12:27:32.082 [FXGL Background Thread 1 ] DEBUG FXGLApplication      - Initializing game
12:27:32.085 [FXGL Background Thread 4 ] DEBUG FXGLAssetLoaderServi - Loading from file system: /assets/ui/fonts/Abel-Regular.ttf
12:27:32.099 [FXGL Background Thread 4 ] DEBUG FXGLAssetLoaderServi - Loading from file system: /assets/ui/fonts/lucida_console.ttf
12:27:32.140 [FXGL Background Thread 1 ] DEBUG FXGLAssetLoaderServi - Loading from file system: /assets/ui/main.fxml
12:27:32.144 [Thread-4                 ] DEBUG TCPServer            - Starting to listen at: 55555 type: class java.lang.String
12:27:32.154 [FXGL Background Thread 4 ] DEBUG FXGLAssetLoaderServi - Loading from file system: /assets/ui/fonts/Courier-Prime.ttf
12:27:32.236 [JavaFX Application Thread] DEBUG FXGLApplication      - Registering font factories with UI factory
12:27:32.237 [FXGL Background Thread 1 ] INFO  FXGLApplication      - Game initialization took: 0.155 sec
12:27:32.240 [JavaFX Application Thread] DEBUG Input                - Clearing active input actions
12:27:32.257 [JavaFX Application Thread] DEBUG GameApplicationServi - Removing overlay from FXGLLoadingScene and adding to GameScene
12:27:32.257 [JavaFX Application Thread] DEBUG MainWindow           - FXGLLoadingScene -> GameScene
12:27:32.765 [FXGL Background Thread 2 ] INFO  UpdaterService       - Your current version:  11.11
12:27:32.765 [FXGL Background Thread 2 ] INFO  UpdaterService       - Latest stable version: 17+dev-SNAPSHOT
12:27:35.004 [FXGL Background Thread 3 ] DEBUG Engine               - Logging environment variables
12:27:35.005 [FXGL Background Thread 3 ] DEBUG Engine               - achievements: []
12:27:35.005 [FXGL Background Thread 3 ] DEBUG Engine               - appIcon: fxgl_icon.png
12:27:35.005 [FXGL Background Thread 3 ] DEBUG Engine               - applicationMode: DEBUG
12:27:35.006 [FXGL Background Thread 3 ] DEBUG Engine               - cSSList: [fxgl_dark.css]
12:27:35.006 [FXGL Background Thread 3 ] DEBUG Engine               - configClass: Optional.empty
12:27:35.006 [FXGL Background Thread 3 ] DEBUG Engine               - credits: []
12:27:35.006 [FXGL Background Thread 3 ] DEBUG Engine               - devBBoxColorProperty: ObjectProperty [value: 0xff0000ff]
12:27:35.007 [FXGL Background Thread 3 ] DEBUG Engine               - devEnableDebugCameraProperty: BooleanProperty [value: false]
12:27:35.007 [FXGL Background Thread 3 ] DEBUG Engine               - devSensorColorProperty: ObjectProperty [value: 0xffff00ff]
12:27:35.007 [FXGL Background Thread 3 ] DEBUG Engine               - devShowBBoxProperty: BooleanProperty [value: false]
12:27:35.007 [FXGL Background Thread 3 ] DEBUG Engine               - devShowPositionProperty: BooleanProperty [value: false]
12:27:35.007 [FXGL Background Thread 3 ] DEBUG Engine               - enabledMenuItems: []
12:27:35.007 [FXGL Background Thread 3 ] DEBUG Engine               - engineServices: [class com.almasb.fxgl.app.FXGLApplication$GameApplicationService, class com.almasb.fxgl.app.services.FXGLDialogService, class com.almasb.fxgl.app.services.IOTaskExecutorService, class com.almasb.fxgl.event.EventBusService, class com.almasb.fxgl.io.FileSystemService, class com.almasb.fxgl.localization.LocalizationService, class com.almasb.fxgl.app.services.FXGLAssetLoaderService, class com.almasb.fxgl.app.services.SystemBundleService, class com.almasb.fxgl.profile.SaveLoadService, class com.almasb.fxgl.ui.FXGLUIFactoryServiceProvider, class com.almasb.fxgl.ui.FXGLDialogFactoryServiceProvider, class com.almasb.fxgl.audio.AudioPlayer, class com.almasb.fxgl.notification.impl.NotificationServiceProvider, class com.almasb.fxgl.achievement.AchievementService, class com.almasb.fxgl.cutscene.CutsceneService, class com.almasb.fxgl.minigames.MiniGameService, class com.almasb.fxgl.net.NetService, class com.almasb.fxgl.app.services.UpdaterService, class com.almasb.fxgl.dev.DevService]
12:27:35.007 [FXGL Background Thread 3 ] DEBUG Engine               - fontGame: Abel-Regular.ttf
12:27:35.007 [FXGL Background Thread 3 ] DEBUG Engine               - fontMono: lucida_console.ttf
12:27:35.007 [FXGL Background Thread 3 ] DEBUG Engine               - fontText: Courier-Prime.ttf
12:27:35.009 [FXGL Background Thread 3 ] DEBUG Engine               - fontUI: pong.ttf
12:27:35.009 [FXGL Background Thread 3 ] DEBUG Engine               - fullScreen: BooleanProperty [value: false]
12:27:35.009 [FXGL Background Thread 3 ] DEBUG Engine               - gameDifficulty: MEDIUM
12:27:35.009 [FXGL Background Thread 3 ] DEBUG Engine               - gameDifficultyProperty: ObjectProperty [value: MEDIUM]
12:27:35.009 [FXGL Background Thread 3 ] DEBUG Engine               - globalMusicVolume: 0.5
12:27:35.009 [FXGL Background Thread 3 ] DEBUG Engine               - globalMusicVolumeProperty: DoubleProperty [value: 0.5]
12:27:35.010 [FXGL Background Thread 3 ] DEBUG Engine               - globalSoundVolume: 0.5
12:27:35.010 [FXGL Background Thread 3 ] DEBUG Engine               - globalSoundVolumeProperty: DoubleProperty [value: 0.5]
12:27:35.010 [FXGL Background Thread 3 ] DEBUG Engine               - height: 600
12:27:35.010 [FXGL Background Thread 3 ] DEBUG Engine               - isAndroid: false
12:27:35.010 [FXGL Background Thread 3 ] DEBUG Engine               - isBrowser: false
12:27:35.010 [FXGL Background Thread 3 ] DEBUG Engine               - isClickFeedbackEnabled: false
12:27:35.010 [FXGL Background Thread 3 ] DEBUG Engine               - isCloseConfirmation: false
12:27:35.011 [FXGL Background Thread 3 ] DEBUG Engine               - isDesktop: true
12:27:35.011 [FXGL Background Thread 3 ] DEBUG Engine               - isDeveloperMenuEnabled: false
12:27:35.011 [FXGL Background Thread 3 ] DEBUG Engine               - isEntityPreloadEnabled: true
12:27:35.011 [FXGL Background Thread 3 ] DEBUG Engine               - isExperimentalNative: false
12:27:35.011 [FXGL Background Thread 3 ] DEBUG Engine               - isExperimentalTiledLargeMap: false
12:27:35.011 [FXGL Background Thread 3 ] DEBUG Engine               - isFileSystemWriteAllowed: true
12:27:35.011 [FXGL Background Thread 3 ] DEBUG Engine               - isFullScreenAllowed: false
12:27:35.011 [FXGL Background Thread 3 ] DEBUG Engine               - isFullScreenFromStart: false
12:27:35.011 [FXGL Background Thread 3 ] DEBUG Engine               - isGameMenuEnabled: true
12:27:35.011 [FXGL Background Thread 3 ] DEBUG Engine               - isIOS: false
12:27:35.011 [FXGL Background Thread 3 ] DEBUG Engine               - isIntroEnabled: false
12:27:35.011 [FXGL Background Thread 3 ] DEBUG Engine               - isLinux: false
12:27:35.011 [FXGL Background Thread 3 ] DEBUG Engine               - isMac: false
12:27:35.012 [FXGL Background Thread 3 ] DEBUG Engine               - isMainMenuEnabled: false
12:27:35.012 [FXGL Background Thread 3 ] DEBUG Engine               - isManualResizeEnabled: false
12:27:35.012 [FXGL Background Thread 3 ] DEBUG Engine               - isMobile: false
12:27:35.012 [FXGL Background Thread 3 ] DEBUG Engine               - isPreserveResizeRatio: false
12:27:35.012 [FXGL Background Thread 3 ] DEBUG Engine               - isProfilingEnabled: false
12:27:35.012 [FXGL Background Thread 3 ] DEBUG Engine               - isSingleStep: false
12:27:35.012 [FXGL Background Thread 3 ] DEBUG Engine               - isUserProfileEnabled: false
12:27:35.012 [FXGL Background Thread 3 ] DEBUG Engine               - isWindows: true
12:27:35.012 [FXGL Background Thread 3 ] DEBUG Engine               - language: ObjectProperty [value: ENGLISH]
12:27:35.013 [FXGL Background Thread 3 ] DEBUG Engine               - menuKey: ESCAPE
12:27:35.013 [FXGL Background Thread 3 ] DEBUG Engine               - notificationViewClass: class com.almasb.fxgl.notification.view.XboxNotificationView
12:27:35.013 [FXGL Background Thread 3 ] DEBUG Engine               - pixelsPerMeter: 50.0
12:27:35.013 [FXGL Background Thread 3 ] DEBUG Engine               - platform: WINDOWS
12:27:35.013 [FXGL Background Thread 3 ] DEBUG Engine               - profileDir: profiles/
12:27:35.013 [FXGL Background Thread 3 ] DEBUG Engine               - profileName: StringProperty [value: DEFAULT]
12:27:35.013 [FXGL Background Thread 3 ] DEBUG Engine               - randomSeed: -1
12:27:35.013 [FXGL Background Thread 3 ] DEBUG Engine               - runtimeInfo: RuntimeInfo(platform=WINDOWS, version=11.11, build=08.09.2020 18.00)
12:27:35.014 [FXGL Background Thread 3 ] DEBUG Engine               - saveFileExt: sav
12:27:35.014 [FXGL Background Thread 3 ] DEBUG Engine               - sceneFactory: com.almasb.fxgl.app.scene.SceneFactory@1a0f3381
12:27:35.014 [FXGL Background Thread 3 ] DEBUG Engine               - secondsIn24h: 60
12:27:35.014 [FXGL Background Thread 3 ] DEBUG Engine               - soundMenuBack: menu/back.wav
12:27:35.014 [FXGL Background Thread 3 ] DEBUG Engine               - soundMenuPress: menu/press.wav
12:27:35.014 [FXGL Background Thread 3 ] DEBUG Engine               - soundMenuSelect: menu/select.wav
12:27:35.014 [FXGL Background Thread 3 ] DEBUG Engine               - soundNotification: core/notification.wav
12:27:35.014 [FXGL Background Thread 3 ] DEBUG Engine               - stageStyle: DECORATED
12:27:35.014 [FXGL Background Thread 3 ] DEBUG Engine               - supportedLanguages: [ENGLISH, FRENCH, GERMAN, HUNGARIAN, RUSSIAN]
12:27:35.015 [FXGL Background Thread 3 ] DEBUG Engine               - title: Pong
12:27:35.015 [FXGL Background Thread 3 ] DEBUG Engine               - urlGithub: https://github.com/AlmasB/FXGL
12:27:35.015 [FXGL Background Thread 3 ] DEBUG Engine               - urlLeaderboard: http://fxgl-top.herokuapp.com/
12:27:35.015 [FXGL Background Thread 3 ] DEBUG Engine               - urlPOM: https://raw.githubusercontent.com/AlmasB/FXGL/master/pom.xml
12:27:35.015 [FXGL Background Thread 3 ] DEBUG Engine               - version: 1.0
12:27:35.015 [FXGL Background Thread 3 ] DEBUG Engine               - versionCheckDays: 7
12:27:35.015 [FXGL Background Thread 3 ] DEBUG Engine               - width: 800
12:27:35.015 [FXGL Background Thread 3 ] DEBUG Engine               - Logging services
12:27:35.015 [FXGL Background Thread 3 ] DEBUG Engine               - class com.almasb.fxgl.app.FXGLApplication$GameApplicationService
12:27:35.016 [FXGL Background Thread 3 ] DEBUG Engine               - class com.almasb.fxgl.app.services.FXGLDialogService
12:27:35.016 [FXGL Background Thread 3 ] DEBUG Engine               - class com.almasb.fxgl.app.services.IOTaskExecutorService
12:27:35.016 [FXGL Background Thread 3 ] DEBUG Engine               - class com.almasb.fxgl.event.EventBusService
12:27:35.016 [FXGL Background Thread 3 ] DEBUG Engine               - class com.almasb.fxgl.io.FileSystemService
12:27:35.016 [FXGL Background Thread 3 ] DEBUG Engine               - class com.almasb.fxgl.localization.LocalizationService
12:27:35.016 [FXGL Background Thread 3 ] DEBUG Engine               - class com.almasb.fxgl.app.services.FXGLAssetLoaderService
12:27:35.016 [FXGL Background Thread 3 ] DEBUG Engine               - class com.almasb.fxgl.app.services.SystemBundleService
12:27:35.017 [FXGL Background Thread 3 ] DEBUG Engine               - class com.almasb.fxgl.profile.SaveLoadService
12:27:35.018 [FXGL Background Thread 3 ] DEBUG Engine               - class com.almasb.fxgl.ui.FXGLUIFactoryServiceProvider
12:27:35.018 [FXGL Background Thread 3 ] DEBUG Engine               - class com.almasb.fxgl.ui.FXGLDialogFactoryServiceProvider
12:27:35.018 [FXGL Background Thread 3 ] DEBUG Engine               - class com.almasb.fxgl.audio.AudioPlayer
12:27:35.018 [FXGL Background Thread 3 ] DEBUG Engine               - class com.almasb.fxgl.notification.impl.NotificationServiceProvider
12:27:35.018 [FXGL Background Thread 3 ] DEBUG Engine               - class com.almasb.fxgl.achievement.AchievementService
12:27:35.018 [FXGL Background Thread 3 ] DEBUG Engine               - class com.almasb.fxgl.cutscene.CutsceneService
12:27:35.018 [FXGL Background Thread 3 ] DEBUG Engine               - class com.almasb.fxgl.minigames.MiniGameService
12:27:35.018 [FXGL Background Thread 3 ] DEBUG Engine               - class com.almasb.fxgl.net.NetService
12:27:35.018 [FXGL Background Thread 3 ] DEBUG Engine               - class com.almasb.fxgl.app.services.UpdaterService
12:27:35.018 [FXGL Background Thread 3 ] DEBUG Engine               - class com.almasb.fxgl.dev.DevService
12:27:36.507 [Thread-4                 ] DEBUG Endpoint             - TCPServer opening new connection (1) from /127.0.0.1:63442 type: class java.lang.String
12:27:36.510 [Thread-4                 ] DEBUG Endpoint             - TCPServer successfully opened connection (1)
12:27:36.514 [TCPServer_SendThread-1   ] DEBUG Writers              - Getting TCPMessageWriter for class java.lang.String
12:27:36.516 [TCPServer_SendThread-1   ] DEBUG Writers              - Constructed TCPMessageWriter for class java.lang.String: MessageWriterS
12:27:36.517 [TCPServer_RecvThread-1   ] DEBUG Readers              - Getting TCPMessageReader for class java.lang.String
12:27:36.522 [TCPServer_RecvThread-1   ] DEBUG Readers              - Constructed MessageReader for class java.lang.String: MessageReaderS
12:29:34.488 [Thread-4                 ] DEBUG Endpoint             - TCPServer opening new connection (2) from /127.0.0.1:63447 type: class java.lang.String
12:29:34.489 [Thread-4                 ] DEBUG Endpoint             - TCPServer successfully opened connection (2)
12:29:34.491 [TCPServer_RecvThread-2   ] DEBUG Readers              - Getting TCPMessageReader for class java.lang.String
12:29:34.491 [TCPServer_SendThread-2   ] DEBUG Writers              - Getting TCPMessageWriter for class java.lang.String
12:29:34.492 [TCPServer_RecvThread-2   ] DEBUG Readers              - Constructed MessageReader for class java.lang.String: MessageReaderS
12:29:34.492 [TCPServer_SendThread-2   ] DEBUG Writers              - Constructed TCPMessageWriter for class java.lang.String: MessageWriterS
12:30:25.574 [JavaFX Application Thread] DEBUG FXGLApplication      - Exiting FXGL
12:30:25.574 [JavaFX Application Thread] DEBUG LoopRunner           - Stopping loop
12:30:25.574 [JavaFX Application Thread] DEBUG SystemBundleService  - Saving FXGL system data
12:30:25.617 [JavaFX Application Thread] DEBUG FileSystemAccess     - Writing to: C:\Users\Andre\Desktop\CI628Multi\CI628-Server-Repository\system\fxgl.bundle
12:30:25.622 [JavaFX Application Thread] DEBUG Async                - Shutting down background threads
12:30:25.622 [JavaFX Application Thread] DEBUG MainWindow           - Closing main window
12:30:25.678 [JavaFX Application Thread] DEBUG Logger               - Closing Logger
