23:54:18.833 [main                     ] DEBUG Logger               - Configured Logger
23:54:18.839 [main                     ] DEBUG GameApplication      - Logging settings
Title: Pong
Version: 1.0
Width: 800
Height: 600
Fullscreen: false
Intro: false
Profiling: false
Single step:false
App Mode: DEBUG
Menu Key: ESCAPE
Stage Style: DECORATED
Scene Factory: class com.almasb.fxgl.app.scene.SceneFactory

23:54:19.374 [JavaFX Application Thread] DEBUG FXGLApplication      - Initializing FXGL
23:54:19.379 [JavaFX Application Thread] INFO  Engine               - FXGL-11.11 (08.09.2020 18.00) on WINDOWS (J:19 FX:14)
23:54:19.380 [JavaFX Application Thread] DEBUG Engine               - JRE Vendor Name: Oracle Corporation
23:54:19.380 [JavaFX Application Thread] DEBUG Engine               - Running on OS: Windows 11 version 10.0
23:54:19.380 [JavaFX Application Thread] DEBUG Engine               - Architecture: amd64
23:54:19.380 [JavaFX Application Thread] INFO  Engine               - Source code and latest versions at: https://github.com/AlmasB/FXGL
23:54:19.380 [JavaFX Application Thread] INFO  Engine               -              Join the FXGL chat at: https://gitter.im/AlmasB/FXGL
23:54:19.538 [JavaFX Application Thread] DEBUG MainWindow           - Creating a JavaFX scene
23:54:19.640 [JavaFX Application Thread] DEBUG MainWindow           - Target settings size: 800.0 x 600.0
23:54:19.641 [JavaFX Application Thread] DEBUG MainWindow           - Scaled scene size:    800.0 x 600.0
23:54:19.641 [JavaFX Application Thread] DEBUG MainWindow           - Scaled ratio: (1.0, 1.0)
23:54:19.642 [JavaFX Application Thread] DEBUG MainWindow           - Set initial scene to StartupScene
23:54:19.648 [JavaFX Application Thread] DEBUG MainWindow           - Opening main window
23:54:19.776 [JavaFX Application Thread] DEBUG MainWindow           - Window border size: (14.66668701171875, 37.33331298828125)
23:54:19.776 [JavaFX Application Thread] DEBUG MainWindow           - Scaled size: 800.0 x 600.0
23:54:19.776 [JavaFX Application Thread] DEBUG MainWindow           - Scaled ratio: (1.0, 1.0)
23:54:19.778 [JavaFX Application Thread] DEBUG MainWindow           - Scene size: 800.0 x 600.0
23:54:19.778 [JavaFX Application Thread] DEBUG MainWindow           - Stage size: 814.6666870117188 x 637.3333129882812
23:54:19.788 [FXGL Background Thread 1 ] DEBUG Engine               - Initializing environment variables
23:54:19.847 [FXGL Background Thread 1 ] DEBUG GameApplicationServi - Applying CSS: fxgl_dark.css
23:54:19.848 [FXGL Background Thread 1 ] DEBUG FXGLAssetLoaderServi - Loading from file system: /assets/ui/css/fxgl_dark.css
23:54:19.911 [FXGL Background Thread 1 ] DEBUG GameApplicationServi - Initializing application scenes
23:54:19.961 [FXGL Background Thread 1 ] DEBUG GameWorld            - Game world initialized
23:54:20.049 [FXGL Background Thread 1 ] DEBUG PhysicsWorld         - Physics world initialized: appHeight=600, physics.ppm=50.0
23:54:20.052 [FXGL Background Thread 1 ] DEBUG GameScene            - Game scene initialized: 800x600
23:54:20.096 [FXGL Background Thread 1 ] DEBUG FXGLAssetLoaderServi - Loading from file system: /assets/textures/particles/trace_horizontal.png
23:54:20.151 [FXGL Background Thread 1 ] DEBUG FXGL.DefaultMenu     - createMenuBodyGameMenu()
23:54:20.171 [FXGL Background Thread 1 ] DEBUG FXGL.DefaultMenu     - createOptionsMenu()
23:54:20.177 [FXGL Background Thread 1 ] DEBUG FXGLAssetLoaderServi - Loading from file system: /assets/textures/particles/smoke.png
23:54:20.239 [FXGL Background Thread 1 ] DEBUG GameApplicationServi - Application scenes initialized
23:54:20.254 [FXGL Background Thread 1 ] DEBUG SystemBundleService  - Loading FXGL system data
23:54:20.270 [FXGL Background Thread 1 ] DEBUG FileSystemAccess     - Reading from: C:\Users\Andre\Desktop\CI628Multi\CI628-Server-Repository\system\fxgl.bundle
23:54:20.286 [FXGL Background Thread 1 ] DEBUG SystemBundleService  - Bundle FXGL: {}
23:54:20.287 [FXGL Background Thread 1 ] DEBUG UpdaterService       - Checking for updates
23:54:20.292 [FXGL Background Thread 4 ] DEBUG FXGLApplication      - Loading fonts
23:54:20.292 [FXGL Background Thread 1 ] DEBUG FXGLApplication      - Loading default localization
23:54:20.292 [FXGL Background Thread 4 ] DEBUG FXGLAssetLoaderServi - Loading from file system: /assets/ui/fonts/pong.ttf
23:54:20.292 [FXGL Background Thread 1 ] DEBUG FXGLAssetLoaderServi - Loading from file system: /assets/languages/english.lang
23:54:20.312 [FXGL Background Thread 1 ] INFO  FXGLApplication      - FXGL initialization took: 0.524 sec
23:54:20.325 [JavaFX Application Thread] DEBUG Input                - Registered new binding: Up1 - W
23:54:20.326 [JavaFX Application Thread] DEBUG Input                - Registered new binding: Down1 - S
23:54:20.326 [JavaFX Application Thread] DEBUG Input                - Registered new binding: Up2 - I
23:54:20.326 [JavaFX Application Thread] DEBUG Input                - Registered new binding: Down2 - K
23:54:20.326 [JavaFX Application Thread] DEBUG FXGLAssetLoaderServi - Loading from file system: /assets/textures/fxgl_icon.png
23:54:20.363 [JavaFX Application Thread] DEBUG FXGLAssetLoaderServi - Loading from file system: /assets/ui/cursors/fxgl_default.png
23:54:20.366 [JavaFX Application Thread] DEBUG Input                - Registered new binding: Screenshot - P
23:54:20.367 [JavaFX Application Thread] DEBUG Input                - Registered new binding: System info dump - CTRL+9
23:54:20.367 [JavaFX Application Thread] DEBUG Input                - Registered new binding: Restart - CTRL+R
23:54:20.368 [JavaFX Application Thread] DEBUG Input                - Registered new binding: Toggle Debug Camera - CTRL+C
23:54:20.372 [JavaFX Application Thread] DEBUG LoopRunner           - Starting loop
23:54:20.375 [JavaFX Application Thread] DEBUG GameApplicationServi - Starting new game
23:54:20.376 [JavaFX Application Thread] DEBUG Input                - Clearing active input actions
23:54:20.390 [JavaFX Application Thread] DEBUG GameApplicationServi - Removing overlay from StartupScene and adding to FXGLLoadingScene
23:54:20.390 [JavaFX Application Thread] DEBUG MainWindow           - StartupScene -> FXGLLoadingScene
23:54:20.390 [JavaFX Application Thread] DEBUG GameApplicationServi - Clearing previous game
23:54:20.390 [JavaFX Application Thread] DEBUG GameScene            - Clearing game scene
23:54:20.391 [JavaFX Application Thread] DEBUG GameWorld            - Clearing game world
23:54:20.391 [JavaFX Application Thread] DEBUG PhysicsWorld         - Clearing physics world
23:54:20.392 [FXGL Background Thread 1 ] DEBUG FXGLApplication      - Initializing game
23:54:20.411 [FXGL Background Thread 4 ] DEBUG FXGLAssetLoaderServi - Loading from file system: /assets/ui/fonts/Abel-Regular.ttf
23:54:20.424 [FXGL Background Thread 4 ] DEBUG FXGLAssetLoaderServi - Loading from file system: /assets/ui/fonts/lucida_console.ttf
23:54:20.446 [FXGL Background Thread 4 ] DEBUG FXGLAssetLoaderServi - Loading from file system: /assets/ui/fonts/Courier-Prime.ttf
23:54:20.516 [Thread-4                 ] DEBUG TCPServer            - Starting to listen at: 55555 type: class java.lang.String
23:54:20.530 [FXGL Background Thread 1 ] DEBUG FXGLAssetLoaderServi - Loading from file system: /assets/ui/main.fxml
23:54:20.571 [JavaFX Application Thread] DEBUG FXGLApplication      - Registering font factories with UI factory
23:54:20.660 [FXGL Background Thread 1 ] INFO  FXGLApplication      - Game initialization took: 0.267 sec
23:54:20.662 [JavaFX Application Thread] DEBUG Input                - Clearing active input actions
23:54:20.676 [JavaFX Application Thread] DEBUG GameApplicationServi - Removing overlay from FXGLLoadingScene and adding to GameScene
23:54:20.677 [JavaFX Application Thread] DEBUG MainWindow           - FXGLLoadingScene -> GameScene
23:54:21.586 [FXGL Background Thread 2 ] INFO  UpdaterService       - Your current version:  11.11
23:54:21.586 [FXGL Background Thread 2 ] INFO  UpdaterService       - Latest stable version: 17+dev-SNAPSHOT
23:54:23.290 [FXGL Background Thread 3 ] DEBUG Engine               - Logging environment variables
23:54:23.290 [FXGL Background Thread 3 ] DEBUG Engine               - achievements: []
23:54:23.291 [FXGL Background Thread 3 ] DEBUG Engine               - appIcon: fxgl_icon.png
23:54:23.291 [FXGL Background Thread 3 ] DEBUG Engine               - applicationMode: DEBUG
23:54:23.291 [FXGL Background Thread 3 ] DEBUG Engine               - cSSList: [fxgl_dark.css]
23:54:23.291 [FXGL Background Thread 3 ] DEBUG Engine               - configClass: Optional.empty
23:54:23.291 [FXGL Background Thread 3 ] DEBUG Engine               - credits: []
23:54:23.292 [FXGL Background Thread 3 ] DEBUG Engine               - devBBoxColorProperty: ObjectProperty [value: 0xff0000ff]
23:54:23.292 [FXGL Background Thread 3 ] DEBUG Engine               - devEnableDebugCameraProperty: BooleanProperty [value: false]
23:54:23.292 [FXGL Background Thread 3 ] DEBUG Engine               - devSensorColorProperty: ObjectProperty [value: 0xffff00ff]
23:54:23.292 [FXGL Background Thread 3 ] DEBUG Engine               - devShowBBoxProperty: BooleanProperty [value: false]
23:54:23.292 [FXGL Background Thread 3 ] DEBUG Engine               - devShowPositionProperty: BooleanProperty [value: false]
23:54:23.292 [FXGL Background Thread 3 ] DEBUG Engine               - enabledMenuItems: []
23:54:23.293 [FXGL Background Thread 3 ] DEBUG Engine               - engineServices: [class com.almasb.fxgl.app.FXGLApplication$GameApplicationService, class com.almasb.fxgl.app.services.FXGLDialogService, class com.almasb.fxgl.app.services.IOTaskExecutorService, class com.almasb.fxgl.event.EventBusService, class com.almasb.fxgl.io.FileSystemService, class com.almasb.fxgl.localization.LocalizationService, class com.almasb.fxgl.app.services.FXGLAssetLoaderService, class com.almasb.fxgl.app.services.SystemBundleService, class com.almasb.fxgl.profile.SaveLoadService, class com.almasb.fxgl.ui.FXGLUIFactoryServiceProvider, class com.almasb.fxgl.ui.FXGLDialogFactoryServiceProvider, class com.almasb.fxgl.audio.AudioPlayer, class com.almasb.fxgl.notification.impl.NotificationServiceProvider, class com.almasb.fxgl.achievement.AchievementService, class com.almasb.fxgl.cutscene.CutsceneService, class com.almasb.fxgl.minigames.MiniGameService, class com.almasb.fxgl.net.NetService, class com.almasb.fxgl.app.services.UpdaterService, class com.almasb.fxgl.dev.DevService]
23:54:23.293 [FXGL Background Thread 3 ] DEBUG Engine               - fontGame: Abel-Regular.ttf
23:54:23.293 [FXGL Background Thread 3 ] DEBUG Engine               - fontMono: lucida_console.ttf
23:54:23.293 [FXGL Background Thread 3 ] DEBUG Engine               - fontText: Courier-Prime.ttf
23:54:23.293 [FXGL Background Thread 3 ] DEBUG Engine               - fontUI: pong.ttf
23:54:23.293 [FXGL Background Thread 3 ] DEBUG Engine               - fullScreen: BooleanProperty [value: false]
23:54:23.293 [FXGL Background Thread 3 ] DEBUG Engine               - gameDifficulty: MEDIUM
23:54:23.294 [FXGL Background Thread 3 ] DEBUG Engine               - gameDifficultyProperty: ObjectProperty [value: MEDIUM]
23:54:23.294 [FXGL Background Thread 3 ] DEBUG Engine               - globalMusicVolume: 0.5
23:54:23.294 [FXGL Background Thread 3 ] DEBUG Engine               - globalMusicVolumeProperty: DoubleProperty [value: 0.5]
23:54:23.294 [FXGL Background Thread 3 ] DEBUG Engine               - globalSoundVolume: 0.5
23:54:23.294 [FXGL Background Thread 3 ] DEBUG Engine               - globalSoundVolumeProperty: DoubleProperty [value: 0.5]
23:54:23.294 [FXGL Background Thread 3 ] DEBUG Engine               - height: 600
23:54:23.294 [FXGL Background Thread 3 ] DEBUG Engine               - isAndroid: false
23:54:23.294 [FXGL Background Thread 3 ] DEBUG Engine               - isBrowser: false
23:54:23.294 [FXGL Background Thread 3 ] DEBUG Engine               - isClickFeedbackEnabled: false
23:54:23.294 [FXGL Background Thread 3 ] DEBUG Engine               - isCloseConfirmation: false
23:54:23.295 [FXGL Background Thread 3 ] DEBUG Engine               - isDesktop: true
23:54:23.295 [FXGL Background Thread 3 ] DEBUG Engine               - isDeveloperMenuEnabled: false
23:54:23.295 [FXGL Background Thread 3 ] DEBUG Engine               - isEntityPreloadEnabled: true
23:54:23.295 [FXGL Background Thread 3 ] DEBUG Engine               - isExperimentalNative: false
23:54:23.295 [FXGL Background Thread 3 ] DEBUG Engine               - isExperimentalTiledLargeMap: false
23:54:23.295 [FXGL Background Thread 3 ] DEBUG Engine               - isFileSystemWriteAllowed: true
23:54:23.295 [FXGL Background Thread 3 ] DEBUG Engine               - isFullScreenAllowed: false
23:54:23.295 [FXGL Background Thread 3 ] DEBUG Engine               - isFullScreenFromStart: false
23:54:23.295 [FXGL Background Thread 3 ] DEBUG Engine               - isGameMenuEnabled: true
23:54:23.295 [FXGL Background Thread 3 ] DEBUG Engine               - isIOS: false
23:54:23.296 [FXGL Background Thread 3 ] DEBUG Engine               - isIntroEnabled: false
23:54:23.296 [FXGL Background Thread 3 ] DEBUG Engine               - isLinux: false
23:54:23.296 [FXGL Background Thread 3 ] DEBUG Engine               - isMac: false
23:54:23.296 [FXGL Background Thread 3 ] DEBUG Engine               - isMainMenuEnabled: false
23:54:23.296 [FXGL Background Thread 3 ] DEBUG Engine               - isManualResizeEnabled: false
23:54:23.296 [FXGL Background Thread 3 ] DEBUG Engine               - isMobile: false
23:54:23.296 [FXGL Background Thread 3 ] DEBUG Engine               - isPreserveResizeRatio: false
23:54:23.296 [FXGL Background Thread 3 ] DEBUG Engine               - isProfilingEnabled: false
23:54:23.296 [FXGL Background Thread 3 ] DEBUG Engine               - isSingleStep: false
23:54:23.296 [FXGL Background Thread 3 ] DEBUG Engine               - isUserProfileEnabled: false
23:54:23.296 [FXGL Background Thread 3 ] DEBUG Engine               - isWindows: true
23:54:23.297 [FXGL Background Thread 3 ] DEBUG Engine               - language: ObjectProperty [value: ENGLISH]
23:54:23.297 [FXGL Background Thread 3 ] DEBUG Engine               - menuKey: ESCAPE
23:54:23.297 [FXGL Background Thread 3 ] DEBUG Engine               - notificationViewClass: class com.almasb.fxgl.notification.view.XboxNotificationView
23:54:23.297 [FXGL Background Thread 3 ] DEBUG Engine               - pixelsPerMeter: 50.0
23:54:23.297 [FXGL Background Thread 3 ] DEBUG Engine               - platform: WINDOWS
23:54:23.297 [FXGL Background Thread 3 ] DEBUG Engine               - profileDir: profiles/
23:54:23.297 [FXGL Background Thread 3 ] DEBUG Engine               - profileName: StringProperty [value: DEFAULT]
23:54:23.297 [FXGL Background Thread 3 ] DEBUG Engine               - randomSeed: -1
23:54:23.298 [FXGL Background Thread 3 ] DEBUG Engine               - runtimeInfo: RuntimeInfo(platform=WINDOWS, version=11.11, build=08.09.2020 18.00)
23:54:23.298 [FXGL Background Thread 3 ] DEBUG Engine               - saveFileExt: sav
23:54:23.298 [FXGL Background Thread 3 ] DEBUG Engine               - sceneFactory: com.almasb.fxgl.app.scene.SceneFactory@44e45029
23:54:23.298 [FXGL Background Thread 3 ] DEBUG Engine               - secondsIn24h: 60
23:54:23.298 [FXGL Background Thread 3 ] DEBUG Engine               - soundMenuBack: menu/back.wav
23:54:23.298 [FXGL Background Thread 3 ] DEBUG Engine               - soundMenuPress: menu/press.wav
23:54:23.298 [FXGL Background Thread 3 ] DEBUG Engine               - soundMenuSelect: menu/select.wav
23:54:23.298 [FXGL Background Thread 3 ] DEBUG Engine               - soundNotification: core/notification.wav
23:54:23.298 [FXGL Background Thread 3 ] DEBUG Engine               - stageStyle: DECORATED
23:54:23.307 [FXGL Background Thread 3 ] DEBUG Engine               - supportedLanguages: [ENGLISH, FRENCH, GERMAN, HUNGARIAN, RUSSIAN]
23:54:23.308 [FXGL Background Thread 3 ] DEBUG Engine               - title: Pong
23:54:23.308 [FXGL Background Thread 3 ] DEBUG Engine               - urlGithub: https://github.com/AlmasB/FXGL
23:54:23.308 [FXGL Background Thread 3 ] DEBUG Engine               - urlLeaderboard: http://fxgl-top.herokuapp.com/
23:54:23.308 [FXGL Background Thread 3 ] DEBUG Engine               - urlPOM: https://raw.githubusercontent.com/AlmasB/FXGL/master/pom.xml
23:54:23.308 [FXGL Background Thread 3 ] DEBUG Engine               - version: 1.0
23:54:23.308 [FXGL Background Thread 3 ] DEBUG Engine               - versionCheckDays: 7
23:54:23.309 [FXGL Background Thread 3 ] DEBUG Engine               - width: 800
23:54:23.309 [FXGL Background Thread 3 ] DEBUG Engine               - Logging services
23:54:23.309 [FXGL Background Thread 3 ] DEBUG Engine               - class com.almasb.fxgl.app.FXGLApplication$GameApplicationService
23:54:23.309 [FXGL Background Thread 3 ] DEBUG Engine               - class com.almasb.fxgl.app.services.FXGLDialogService
23:54:23.309 [FXGL Background Thread 3 ] DEBUG Engine               - class com.almasb.fxgl.app.services.IOTaskExecutorService
23:54:23.309 [FXGL Background Thread 3 ] DEBUG Engine               - class com.almasb.fxgl.event.EventBusService
23:54:23.309 [FXGL Background Thread 3 ] DEBUG Engine               - class com.almasb.fxgl.io.FileSystemService
23:54:23.309 [FXGL Background Thread 3 ] DEBUG Engine               - class com.almasb.fxgl.localization.LocalizationService
23:54:23.309 [FXGL Background Thread 3 ] DEBUG Engine               - class com.almasb.fxgl.app.services.FXGLAssetLoaderService
23:54:23.310 [FXGL Background Thread 3 ] DEBUG Engine               - class com.almasb.fxgl.app.services.SystemBundleService
23:54:23.310 [FXGL Background Thread 3 ] DEBUG Engine               - class com.almasb.fxgl.profile.SaveLoadService
23:54:23.310 [FXGL Background Thread 3 ] DEBUG Engine               - class com.almasb.fxgl.ui.FXGLUIFactoryServiceProvider
23:54:23.310 [FXGL Background Thread 3 ] DEBUG Engine               - class com.almasb.fxgl.ui.FXGLDialogFactoryServiceProvider
23:54:23.310 [FXGL Background Thread 3 ] DEBUG Engine               - class com.almasb.fxgl.audio.AudioPlayer
23:54:23.310 [FXGL Background Thread 3 ] DEBUG Engine               - class com.almasb.fxgl.notification.impl.NotificationServiceProvider
23:54:23.310 [FXGL Background Thread 3 ] DEBUG Engine               - class com.almasb.fxgl.achievement.AchievementService
23:54:23.311 [FXGL Background Thread 3 ] DEBUG Engine               - class com.almasb.fxgl.cutscene.CutsceneService
23:54:23.311 [FXGL Background Thread 3 ] DEBUG Engine               - class com.almasb.fxgl.minigames.MiniGameService
23:54:23.311 [FXGL Background Thread 3 ] DEBUG Engine               - class com.almasb.fxgl.net.NetService
23:54:23.311 [FXGL Background Thread 3 ] DEBUG Engine               - class com.almasb.fxgl.app.services.UpdaterService
23:54:23.311 [FXGL Background Thread 3 ] DEBUG Engine               - class com.almasb.fxgl.dev.DevService
23:54:33.130 [Thread-4                 ] DEBUG Endpoint             - TCPServer opening new connection (1) from /127.0.0.1:64946 type: class java.lang.String
23:54:33.132 [Thread-4                 ] DEBUG Endpoint             - TCPServer successfully opened connection (1)
23:54:33.135 [TCPServer_SendThread-1   ] DEBUG Writers              - Getting TCPMessageWriter for class java.lang.String
23:54:33.144 [TCPServer_RecvThread-1   ] DEBUG Readers              - Getting TCPMessageReader for class java.lang.String
23:54:33.163 [TCPServer_SendThread-1   ] DEBUG Writers              - Constructed TCPMessageWriter for class java.lang.String: MessageWriterS
23:54:33.176 [TCPServer_RecvThread-1   ] DEBUG Readers              - Constructed MessageReader for class java.lang.String: MessageReaderS
23:54:35.568 [JavaFX Application Thread] DEBUG Input                - Mocking key press: S
23:54:35.700 [JavaFX Application Thread] DEBUG Input                - Mocking key press: W
23:54:35.760 [JavaFX Application Thread] DEBUG Input                - Mocking key release: S
23:54:35.962 [JavaFX Application Thread] DEBUG Input                - Mocking key release: W
23:54:36.102 [JavaFX Application Thread] DEBUG Input                - Mocking key press: S
23:54:36.681 [JavaFX Application Thread] DEBUG Input                - Mocking key release: S
23:54:36.728 [JavaFX Application Thread] DEBUG Input                - Mocking key press: W
23:54:36.961 [JavaFX Application Thread] DEBUG Input                - Mocking key press: S
23:54:37.021 [JavaFX Application Thread] DEBUG Input                - Mocking key release: W
23:54:37.206 [JavaFX Application Thread] DEBUG Input                - Mocking key press: W
23:54:37.268 [JavaFX Application Thread] DEBUG Input                - Mocking key release: S
23:54:37.569 [JavaFX Application Thread] DEBUG Input                - Mocking key press: S
23:54:37.610 [JavaFX Application Thread] DEBUG Input                - Mocking key release: W
23:54:37.928 [JavaFX Application Thread] DEBUG Input                - Mocking key press: W
23:54:38.020 [JavaFX Application Thread] DEBUG Input                - Mocking key release: S
23:54:38.463 [JavaFX Application Thread] DEBUG Input                - Mocking key release: W
23:54:38.530 [JavaFX Application Thread] DEBUG Input                - Mocking key press: S
23:54:39.022 [JavaFX Application Thread] DEBUG Input                - Mocking key release: S
23:54:39.349 [JavaFX Application Thread] DEBUG Input                - Mocking key press: S
23:54:39.495 [JavaFX Application Thread] DEBUG Input                - Mocking key release: S
23:54:39.931 [JavaFX Application Thread] DEBUG Input                - Mocking key press: W
23:54:40.563 [JavaFX Application Thread] DEBUG Input                - Mocking key release: W
23:54:41.446 [JavaFX Application Thread] DEBUG Connection           - Closing connection 1
23:54:41.446 [JavaFX Application Thread] DEBUG Connection           - Connection 1 was correctly closed from local endpoint.
23:54:41.447 [TCPServer_RecvThread-1   ] DEBUG Endpoint             - TCPServer connection (1) was closed
23:54:55.494 [Thread-4                 ] DEBUG Endpoint             - TCPServer opening new connection (2) from /127.0.0.1:64967 type: class java.lang.String
23:54:55.495 [Thread-4                 ] DEBUG Endpoint             - TCPServer successfully opened connection (2)
23:54:55.496 [TCPServer_RecvThread-2   ] DEBUG Readers              - Getting TCPMessageReader for class java.lang.String
23:54:55.496 [TCPServer_SendThread-2   ] DEBUG Writers              - Getting TCPMessageWriter for class java.lang.String
23:54:55.497 [TCPServer_RecvThread-2   ] DEBUG Readers              - Constructed MessageReader for class java.lang.String: MessageReaderS
23:54:55.497 [TCPServer_SendThread-2   ] DEBUG Writers              - Constructed TCPMessageWriter for class java.lang.String: MessageWriterS
23:54:57.818 [JavaFX Application Thread] DEBUG Input                - Mocking key press: S
23:54:58.396 [JavaFX Application Thread] DEBUG Input                - Mocking key press: W
23:54:58.428 [JavaFX Application Thread] DEBUG Input                - Mocking key release: S
23:54:58.983 [JavaFX Application Thread] DEBUG Input                - Mocking key press: S
23:54:59.003 [JavaFX Application Thread] DEBUG Input                - Mocking key release: W
23:54:59.396 [JavaFX Application Thread] DEBUG Input                - Mocking key press: W
23:54:59.446 [JavaFX Application Thread] DEBUG Input                - Mocking key release: S
23:54:59.696 [JavaFX Application Thread] DEBUG Input                - Mocking key press: S
23:54:59.776 [JavaFX Application Thread] DEBUG Input                - Mocking key release: W
23:55:00.045 [JavaFX Application Thread] DEBUG Input                - Mocking key press: W
23:55:00.060 [JavaFX Application Thread] DEBUG Input                - Mocking key release: S
23:55:00.417 [JavaFX Application Thread] DEBUG Input                - Mocking key press: S
23:55:00.478 [JavaFX Application Thread] DEBUG Input                - Mocking key release: W
23:55:00.868 [JavaFX Application Thread] DEBUG Input                - Mocking key press: W
23:55:00.908 [JavaFX Application Thread] DEBUG Input                - Mocking key release: S
23:55:01.227 [JavaFX Application Thread] DEBUG Input                - Mocking key release: W
23:55:01.227 [JavaFX Application Thread] DEBUG Input                - Mocking key press: S
23:55:01.434 [JavaFX Application Thread] DEBUG Input                - Mocking key press: W
23:55:01.513 [JavaFX Application Thread] DEBUG Input                - Mocking key release: S
23:55:01.827 [JavaFX Application Thread] DEBUG Input                - Mocking key press: S
23:55:01.845 [JavaFX Application Thread] DEBUG Input                - Mocking key release: W
23:55:02.161 [JavaFX Application Thread] DEBUG Input                - Mocking key press: W
23:55:02.270 [JavaFX Application Thread] DEBUG Input                - Mocking key release: S
23:55:03.200 [JavaFX Application Thread] DEBUG Input                - Mocking key press: S
23:55:03.221 [JavaFX Application Thread] DEBUG Input                - Mocking key release: W
23:55:03.712 [JavaFX Application Thread] DEBUG Input                - Mocking key release: S
23:55:03.728 [JavaFX Application Thread] DEBUG Input                - Mocking key press: W
23:55:04.180 [JavaFX Application Thread] DEBUG Input                - Mocking key press: S
23:55:04.226 [JavaFX Application Thread] DEBUG Input                - Mocking key release: W
23:55:05.079 [JavaFX Application Thread] DEBUG Input                - Mocking key press: W
23:55:05.135 [JavaFX Application Thread] DEBUG Input                - Mocking key release: S
23:55:05.528 [JavaFX Application Thread] DEBUG Input                - Mocking key press: S
23:55:05.580 [JavaFX Application Thread] DEBUG Input                - Mocking key release: W
23:55:06.212 [JavaFX Application Thread] DEBUG Input                - Mocking key press: W
23:55:06.295 [JavaFX Application Thread] DEBUG Input                - Mocking key release: S
23:55:06.979 [JavaFX Application Thread] DEBUG Input                - Mocking key press: S
23:55:07.013 [JavaFX Application Thread] DEBUG Input                - Mocking key release: W
23:55:07.213 [JavaFX Application Thread] DEBUG Input                - Mocking key press: W
23:55:07.334 [JavaFX Application Thread] DEBUG Input                - Mocking key release: S
23:55:07.745 [JavaFX Application Thread] DEBUG Input                - Mocking key press: S
23:55:07.845 [JavaFX Application Thread] DEBUG Input                - Mocking key release: W
23:55:08.105 [JavaFX Application Thread] DEBUG Input                - Mocking key press: W
23:55:08.230 [JavaFX Application Thread] DEBUG Input                - Mocking key release: S
23:55:08.332 [JavaFX Application Thread] DEBUG Input                - Mocking key press: S
23:55:08.332 [JavaFX Application Thread] DEBUG Input                - Mocking key release: W
23:55:08.863 [JavaFX Application Thread] DEBUG Input                - Mocking key press: W
23:55:08.928 [JavaFX Application Thread] DEBUG Input                - Mocking key release: S
23:55:09.314 [JavaFX Application Thread] DEBUG Input                - Mocking key press: S
23:55:09.346 [JavaFX Application Thread] DEBUG Input                - Mocking key release: W
23:55:09.655 [JavaFX Application Thread] DEBUG Input                - Mocking key press: W
23:55:09.699 [JavaFX Application Thread] DEBUG Input                - Mocking key release: S
23:55:09.795 [JavaFX Application Thread] DEBUG Input                - Mocking key release: W
23:55:11.395 [JavaFX Application Thread] DEBUG Connection           - Closing connection 2
23:55:11.395 [JavaFX Application Thread] DEBUG Connection           - Connection 2 was correctly closed from local endpoint.
23:55:11.396 [TCPServer_RecvThread-2   ] DEBUG Endpoint             - TCPServer connection (2) was closed
00:16:34.646 [Thread-4                 ] DEBUG Endpoint             - TCPServer opening new connection (3) from /127.0.0.1:65116 type: class java.lang.String
00:16:34.646 [Thread-4                 ] DEBUG Endpoint             - TCPServer successfully opened connection (3)
00:16:34.648 [TCPServer_RecvThread-3   ] DEBUG Readers              - Getting TCPMessageReader for class java.lang.String
00:16:34.649 [TCPServer_SendThread-3   ] DEBUG Writers              - Getting TCPMessageWriter for class java.lang.String
00:16:34.649 [TCPServer_RecvThread-3   ] DEBUG Readers              - Constructed MessageReader for class java.lang.String: MessageReaderS
00:16:34.649 [TCPServer_SendThread-3   ] DEBUG Writers              - Constructed TCPMessageWriter for class java.lang.String: MessageWriterS
00:16:37.677 [JavaFX Application Thread] DEBUG Input                - Mocking key press: W
00:16:38.141 [JavaFX Application Thread] DEBUG Input                - Mocking key release: W
00:16:38.181 [JavaFX Application Thread] DEBUG Input                - Mocking key press: S
00:16:38.444 [JavaFX Application Thread] DEBUG Input                - Mocking key press: W
00:16:38.493 [JavaFX Application Thread] DEBUG Input                - Mocking key release: S
00:16:38.777 [JavaFX Application Thread] DEBUG Input                - Mocking key press: S
00:16:38.793 [JavaFX Application Thread] DEBUG Input                - Mocking key release: W
00:16:39.347 [JavaFX Application Thread] DEBUG Input                - Mocking key press: W
00:16:39.386 [JavaFX Application Thread] DEBUG Input                - Mocking key release: S
00:16:39.896 [JavaFX Application Thread] DEBUG Input                - Mocking key press: S
00:16:39.961 [JavaFX Application Thread] DEBUG Input                - Mocking key release: W
00:16:40.359 [JavaFX Application Thread] DEBUG Input                - Mocking key press: W
00:16:40.419 [JavaFX Application Thread] DEBUG Input                - Mocking key release: S
00:16:40.821 [JavaFX Application Thread] DEBUG Input                - Mocking key press: S
00:16:40.884 [JavaFX Application Thread] DEBUG Input                - Mocking key release: W
00:16:41.716 [JavaFX Application Thread] DEBUG Input                - Mocking key release: S
00:16:41.777 [JavaFX Application Thread] DEBUG Input                - Mocking key press: W
00:16:41.966 [JavaFX Application Thread] DEBUG Input                - Mocking key press: S
00:16:41.981 [JavaFX Application Thread] DEBUG Input                - Mocking key release: W
00:16:42.360 [JavaFX Application Thread] DEBUG Input                - Mocking key press: W
00:16:42.396 [JavaFX Application Thread] DEBUG Input                - Mocking key release: S
00:16:43.476 [JavaFX Application Thread] DEBUG Input                - Mocking key press: S
00:16:43.528 [JavaFX Application Thread] DEBUG Input                - Mocking key release: W
00:16:43.763 [JavaFX Application Thread] DEBUG Input                - Mocking key press: W
00:16:43.822 [JavaFX Application Thread] DEBUG Input                - Mocking key release: S
00:16:44.313 [JavaFX Application Thread] DEBUG Input                - Mocking key press: S
00:16:44.395 [JavaFX Application Thread] DEBUG Input                - Mocking key release: W
00:16:45.162 [JavaFX Application Thread] DEBUG Input                - Mocking key press: W
00:16:45.231 [JavaFX Application Thread] DEBUG Input                - Mocking key release: S
00:16:46.077 [JavaFX Application Thread] DEBUG Input                - Mocking key press: S
00:16:46.111 [JavaFX Application Thread] DEBUG Input                - Mocking key release: W
00:16:47.206 [JavaFX Application Thread] DEBUG Input                - Mocking key press: W
00:16:47.310 [JavaFX Application Thread] DEBUG Input                - Mocking key release: S
00:16:48.012 [JavaFX Application Thread] DEBUG Input                - Mocking key press: S
00:16:48.060 [JavaFX Application Thread] DEBUG Input                - Mocking key release: W
00:16:48.543 [JavaFX Application Thread] DEBUG Input                - Mocking key press: W
00:16:48.612 [JavaFX Application Thread] DEBUG Input                - Mocking key release: S
00:16:49.095 [JavaFX Application Thread] DEBUG Input                - Mocking key press: S
00:16:49.149 [JavaFX Application Thread] DEBUG Input                - Mocking key release: W
00:16:49.479 [JavaFX Application Thread] DEBUG Input                - Mocking key release: S
00:16:49.928 [JavaFX Application Thread] DEBUG Connection           - Closing connection 3
00:16:49.929 [JavaFX Application Thread] DEBUG Connection           - Connection 3 was correctly closed from local endpoint.
00:16:49.930 [TCPServer_RecvThread-3   ] DEBUG Endpoint             - TCPServer connection (3) was closed
00:18:25.416 [Thread-4                 ] DEBUG Endpoint             - TCPServer opening new connection (4) from /127.0.0.1:65134 type: class java.lang.String
00:18:25.416 [Thread-4                 ] DEBUG Endpoint             - TCPServer successfully opened connection (4)
00:18:25.418 [TCPServer_RecvThread-4   ] DEBUG Readers              - Getting TCPMessageReader for class java.lang.String
00:18:25.418 [TCPServer_SendThread-4   ] DEBUG Writers              - Getting TCPMessageWriter for class java.lang.String
00:18:25.418 [TCPServer_SendThread-4   ] DEBUG Writers              - Constructed TCPMessageWriter for class java.lang.String: MessageWriterS
00:18:25.418 [TCPServer_RecvThread-4   ] DEBUG Readers              - Constructed MessageReader for class java.lang.String: MessageReaderS
00:18:27.445 [JavaFX Application Thread] DEBUG Input                - Mocking key press: S
00:18:27.596 [JavaFX Application Thread] DEBUG Input                - Mocking key press: W
00:18:27.681 [JavaFX Application Thread] DEBUG Input                - Mocking key release: S
00:18:27.796 [JavaFX Application Thread] DEBUG Input                - Mocking key press: S
00:18:27.900 [JavaFX Application Thread] DEBUG Input                - Mocking key release: W
00:18:28.085 [JavaFX Application Thread] DEBUG Input                - Mocking key press: W
00:18:28.228 [JavaFX Application Thread] DEBUG Input                - Mocking key release: S
00:18:28.428 [JavaFX Application Thread] DEBUG Input                - Mocking key press: S
00:18:28.478 [JavaFX Application Thread] DEBUG Input                - Mocking key release: W
00:18:28.995 [JavaFX Application Thread] DEBUG Input                - Mocking key release: S
00:18:29.128 [JavaFX Application Thread] DEBUG Input                - Mocking key press: W
00:18:29.269 [JavaFX Application Thread] DEBUG Input                - Mocking key release: W
00:18:44.531 [JavaFX Application Thread] DEBUG Input                - Mocking key press: S
00:18:44.683 [JavaFX Application Thread] DEBUG Input                - Mocking key press: W
00:18:44.745 [JavaFX Application Thread] DEBUG Input                - Mocking key release: S
00:18:44.986 [JavaFX Application Thread] DEBUG Input                - Mocking key press: S
00:18:45.007 [JavaFX Application Thread] DEBUG Input                - Mocking key release: W
00:18:45.343 [JavaFX Application Thread] DEBUG Input                - Mocking key release: S
00:18:45.364 [JavaFX Application Thread] DEBUG Input                - Mocking key press: W
00:18:45.865 [JavaFX Application Thread] DEBUG Input                - Mocking key release: W
00:18:45.967 [JavaFX Application Thread] DEBUG Input                - Mocking key press: S
00:18:46.111 [JavaFX Application Thread] DEBUG Input                - Mocking key release: S
00:18:47.504 [JavaFX Application Thread] DEBUG Input                - Mocking key press: W
00:18:47.767 [JavaFX Application Thread] DEBUG Input                - Mocking key release: W
00:18:47.832 [JavaFX Application Thread] DEBUG Input                - Mocking key press: S
00:18:48.514 [JavaFX Application Thread] DEBUG Input                - Mocking key release: S
00:18:48.881 [JavaFX Application Thread] DEBUG Input                - Mocking key press: W
00:18:49.162 [JavaFX Application Thread] DEBUG Input                - Mocking key release: W
00:18:49.713 [JavaFX Application Thread] DEBUG Input                - Mocking key press: S
00:18:50.254 [JavaFX Application Thread] DEBUG Input                - Mocking key press: W
00:18:50.313 [JavaFX Application Thread] DEBUG Input                - Mocking key release: S
00:18:50.998 [JavaFX Application Thread] DEBUG Input                - Mocking key press: S
00:18:51.081 [JavaFX Application Thread] DEBUG Input                - Mocking key release: W
00:18:51.388 [JavaFX Application Thread] DEBUG Input                - Mocking key press: W
00:18:51.467 [JavaFX Application Thread] DEBUG Input                - Mocking key release: S
00:18:51.787 [JavaFX Application Thread] DEBUG Input                - Mocking key press: S
00:18:51.847 [JavaFX Application Thread] DEBUG Input                - Mocking key release: W
00:18:52.169 [JavaFX Application Thread] DEBUG Input                - Mocking key press: W
00:18:52.252 [JavaFX Application Thread] DEBUG Input                - Mocking key release: S
00:18:52.552 [JavaFX Application Thread] DEBUG Input                - Mocking key press: S
00:18:52.648 [JavaFX Application Thread] DEBUG Input                - Mocking key release: W
00:18:53.046 [JavaFX Application Thread] DEBUG Input                - Mocking key press: W
00:18:53.112 [JavaFX Application Thread] DEBUG Input                - Mocking key release: S
00:18:53.978 [JavaFX Application Thread] DEBUG Input                - Mocking key press: S
00:18:54.044 [JavaFX Application Thread] DEBUG Input                - Mocking key release: W
00:18:54.236 [JavaFX Application Thread] DEBUG Input                - Mocking key press: W
00:18:54.299 [JavaFX Application Thread] DEBUG Input                - Mocking key release: S
00:18:55.244 [JavaFX Application Thread] DEBUG Input                - Mocking key press: S
00:18:55.277 [JavaFX Application Thread] DEBUG Input                - Mocking key release: W
00:18:55.615 [JavaFX Application Thread] DEBUG Input                - Mocking key press: W
00:18:55.728 [JavaFX Application Thread] DEBUG Input                - Mocking key release: S
00:18:56.397 [JavaFX Application Thread] DEBUG Input                - Mocking key release: W
00:19:22.913 [Thread-4                 ] DEBUG Endpoint             - TCPServer opening new connection (5) from /127.0.0.1:65146 type: class java.lang.String
00:19:22.913 [Thread-4                 ] DEBUG Endpoint             - TCPServer successfully opened connection (5)
00:19:22.914 [TCPServer_SendThread-5   ] DEBUG Writers              - Getting TCPMessageWriter for class java.lang.String
00:19:22.914 [TCPServer_RecvThread-5   ] DEBUG Readers              - Getting TCPMessageReader for class java.lang.String
00:19:22.914 [TCPServer_SendThread-5   ] DEBUG Writers              - Constructed TCPMessageWriter for class java.lang.String: MessageWriterS
00:19:22.915 [TCPServer_RecvThread-5   ] DEBUG Readers              - Constructed MessageReader for class java.lang.String: MessageReaderS
00:19:27.253 [JavaFX Application Thread] DEBUG Input                - Mocking key release: S
00:19:27.748 [JavaFX Application Thread] DEBUG Input                - Mocking key release: W
00:19:28.086 [JavaFX Application Thread] DEBUG Input                - Mocking key release: S
00:19:28.150 [JavaFX Application Thread] DEBUG Input                - Mocking key release: W
00:19:28.513 [JavaFX Application Thread] DEBUG Input                - Mocking key press: K
00:19:28.729 [JavaFX Application Thread] DEBUG Input                - Mocking key press: I
00:19:28.773 [JavaFX Application Thread] DEBUG Input                - Mocking key release: K
00:19:29.347 [JavaFX Application Thread] DEBUG Input                - Mocking key release: I
00:19:29.441 [JavaFX Application Thread] DEBUG Input                - Mocking key press: K
00:19:29.846 [JavaFX Application Thread] DEBUG Input                - Mocking key release: K
00:19:29.929 [JavaFX Application Thread] DEBUG Input                - Mocking key press: I
00:19:31.252 [JavaFX Application Thread] DEBUG Input                - Mocking key release: I
00:19:33.301 [JavaFX Application Thread] DEBUG Input                - Mocking key press: K
00:19:34.120 [JavaFX Application Thread] DEBUG Input                - Mocking key release: K
00:19:34.482 [JavaFX Application Thread] DEBUG Input                - Mocking key press: I
00:19:35.346 [JavaFX Application Thread] DEBUG Input                - Mocking key release: I
00:19:35.363 [JavaFX Application Thread] DEBUG Input                - Mocking key press: K
00:19:36.084 [JavaFX Application Thread] DEBUG Input                - Mocking key press: I
00:19:36.104 [JavaFX Application Thread] DEBUG Input                - Mocking key release: K
00:19:36.806 [JavaFX Application Thread] DEBUG Input                - Mocking key press: K
00:19:36.830 [JavaFX Application Thread] DEBUG Input                - Mocking key release: I
00:19:37.035 [JavaFX Application Thread] DEBUG Input                - Mocking key release: K
00:19:37.057 [JavaFX Application Thread] DEBUG Input                - Mocking key press: I
00:19:37.481 [JavaFX Application Thread] DEBUG Input                - Mocking key release: I
00:19:38.601 [JavaFX Application Thread] DEBUG Input                - Mocking key press: K
00:19:39.369 [JavaFX Application Thread] DEBUG Input                - Mocking key release: K
00:19:40.364 [JavaFX Application Thread] DEBUG Input                - Mocking key press: K
00:19:40.637 [JavaFX Application Thread] DEBUG Input                - Mocking key release: K
00:19:40.829 [JavaFX Application Thread] DEBUG Input                - Mocking key press: K
00:19:41.063 [JavaFX Application Thread] DEBUG Input                - Mocking key release: K
00:19:41.746 [JavaFX Application Thread] DEBUG Input                - Mocking key press: I
00:19:42.347 [JavaFX Application Thread] DEBUG Input                - Mocking key release: I
00:19:43.747 [JavaFX Application Thread] DEBUG Input                - Mocking key press: K
00:19:44.230 [JavaFX Application Thread] DEBUG Input                - Mocking key release: K
00:19:44.712 [JavaFX Application Thread] DEBUG Input                - Mocking key press: I
00:19:45.428 [JavaFX Application Thread] DEBUG Input                - Mocking key release: I
00:19:45.679 [JavaFX Application Thread] DEBUG Input                - Mocking key press: K
00:19:46.279 [JavaFX Application Thread] DEBUG Input                - Mocking key release: K
00:19:47.696 [JavaFX Application Thread] DEBUG Connection           - Closing connection 5
00:19:47.696 [JavaFX Application Thread] DEBUG Connection           - Connection 5 was correctly closed from local endpoint.
00:19:47.696 [TCPServer_RecvThread-5   ] DEBUG Endpoint             - TCPServer connection (5) was closed
00:21:14.608 [Thread-4                 ] DEBUG Endpoint             - TCPServer opening new connection (6) from /127.0.0.1:65160 type: class java.lang.String
00:21:14.608 [Thread-4                 ] DEBUG Endpoint             - TCPServer successfully opened connection (6)
00:21:14.610 [TCPServer_RecvThread-6   ] DEBUG Readers              - Getting TCPMessageReader for class java.lang.String
00:21:14.610 [TCPServer_SendThread-6   ] DEBUG Writers              - Getting TCPMessageWriter for class java.lang.String
00:21:14.610 [TCPServer_SendThread-6   ] DEBUG Writers              - Constructed TCPMessageWriter for class java.lang.String: MessageWriterS
00:21:14.610 [TCPServer_RecvThread-6   ] DEBUG Readers              - Constructed MessageReader for class java.lang.String: MessageReaderS
00:21:17.447 [JavaFX Application Thread] DEBUG Input                - Mocking key release: S
00:21:17.582 [JavaFX Application Thread] DEBUG Input                - Mocking key release: W
00:21:18.113 [JavaFX Application Thread] DEBUG Input                - Mocking key press: I
00:21:18.499 [JavaFX Application Thread] DEBUG Input                - Mocking key release: I
00:21:18.545 [JavaFX Application Thread] DEBUG Input                - Mocking key press: K
00:21:18.867 [JavaFX Application Thread] DEBUG Input                - Mocking key press: I
00:21:18.949 [JavaFX Application Thread] DEBUG Input                - Mocking key release: K
00:21:19.264 [JavaFX Application Thread] DEBUG Input                - Mocking key press: K
00:21:19.284 [JavaFX Application Thread] DEBUG Input                - Mocking key release: I
00:21:19.784 [JavaFX Application Thread] DEBUG Input                - Mocking key press: I
00:21:19.868 [JavaFX Application Thread] DEBUG Input                - Mocking key release: K
00:21:19.988 [JavaFX Application Thread] DEBUG Input                - Mocking key release: I
00:21:20.066 [JavaFX Application Thread] DEBUG Input                - Mocking key press: K
00:21:20.183 [JavaFX Application Thread] DEBUG Input                - Mocking key release: K
00:21:20.267 [JavaFX Application Thread] DEBUG Input                - Mocking key press: I
00:21:20.347 [JavaFX Application Thread] DEBUG Input                - Mocking key release: I
00:21:21.015 [JavaFX Application Thread] DEBUG Input                - Mocking key press: I
00:21:21.154 [JavaFX Application Thread] DEBUG Input                - Mocking key release: I
00:21:21.859 [JavaFX Application Thread] DEBUG Input                - Mocking key press: I
00:21:22.247 [JavaFX Application Thread] DEBUG Input                - Mocking key release: I
00:21:22.879 [JavaFX Application Thread] DEBUG Input                - Mocking key press: I
00:21:23.083 [JavaFX Application Thread] DEBUG Input                - Mocking key release: I
00:21:23.199 [JavaFX Application Thread] DEBUG Input                - Mocking key press: K
00:21:23.797 [JavaFX Application Thread] DEBUG Input                - Mocking key release: K
00:21:24.098 [JavaFX Application Thread] DEBUG Input                - Mocking key press: K
00:21:24.434 [JavaFX Application Thread] DEBUG Input                - Mocking key release: K
00:21:24.781 [JavaFX Application Thread] DEBUG Input                - Mocking key press: K
00:21:25.047 [JavaFX Application Thread] DEBUG Input                - Mocking key release: K
00:21:25.952 [JavaFX Application Thread] DEBUG Input                - Mocking key press: I
00:21:26.119 [JavaFX Application Thread] DEBUG Input                - Mocking key release: I
00:21:26.247 [JavaFX Application Thread] DEBUG Input                - Mocking key press: I
00:21:26.404 [JavaFX Application Thread] DEBUG Input                - Mocking key release: I
00:21:26.865 [JavaFX Application Thread] DEBUG Input                - Mocking key press: K
00:21:27.997 [JavaFX Application Thread] DEBUG Input                - Mocking key press: I
00:21:28.035 [JavaFX Application Thread] DEBUG Input                - Mocking key release: K
00:21:28.768 [JavaFX Application Thread] DEBUG Input                - Mocking key release: I
00:21:30.426 [JavaFX Application Thread] DEBUG Input                - Mocking key press: K
00:21:31.446 [JavaFX Application Thread] DEBUG Input                - Mocking key release: K
00:21:34.155 [JavaFX Application Thread] DEBUG Input                - Mocking key press: K
00:21:34.281 [JavaFX Application Thread] DEBUG Input                - Mocking key release: K
00:21:34.281 [JavaFX Application Thread] DEBUG Input                - Mocking key press: I
00:21:35.550 [JavaFX Application Thread] DEBUG Input                - Mocking key release: I
00:21:35.964 [JavaFX Application Thread] DEBUG Input                - Mocking key press: K
00:21:36.222 [JavaFX Application Thread] DEBUG Input                - Mocking key release: K
00:21:36.365 [JavaFX Application Thread] DEBUG Input                - Mocking key press: I
00:21:36.681 [JavaFX Application Thread] DEBUG Input                - Mocking key release: I
00:21:36.975 [JavaFX Application Thread] DEBUG Input                - Mocking key press: K
00:21:37.493 [JavaFX Application Thread] DEBUG Input                - Mocking key press: I
00:21:37.581 [JavaFX Application Thread] DEBUG Input                - Mocking key release: K
00:21:38.363 [JavaFX Application Thread] DEBUG Input                - Mocking key release: I
00:21:38.397 [JavaFX Application Thread] DEBUG Input                - Mocking key press: K
00:21:38.935 [JavaFX Application Thread] DEBUG Input                - Mocking key press: I
00:21:38.980 [JavaFX Application Thread] DEBUG Input                - Mocking key release: K
00:21:39.365 [JavaFX Application Thread] DEBUG Input                - Mocking key press: K
00:21:39.421 [JavaFX Application Thread] DEBUG Input                - Mocking key release: I
00:21:39.966 [JavaFX Application Thread] DEBUG Input                - Mocking key press: I
00:21:40.097 [JavaFX Application Thread] DEBUG Input                - Mocking key release: K
00:21:40.964 [JavaFX Application Thread] DEBUG Input                - Mocking key release: I
00:21:42.017 [JavaFX Application Thread] DEBUG Connection           - Closing connection 6
00:21:42.017 [JavaFX Application Thread] DEBUG Connection           - Connection 6 was correctly closed from local endpoint.
00:21:42.019 [TCPServer_RecvThread-6   ] DEBUG Endpoint             - TCPServer connection (6) was closed
00:26:16.829 [Thread-4                 ] DEBUG Endpoint             - TCPServer opening new connection (7) from /127.0.0.1:65198 type: class java.lang.String
00:26:16.829 [Thread-4                 ] DEBUG Endpoint             - TCPServer successfully opened connection (7)
00:26:16.830 [TCPServer_SendThread-7   ] DEBUG Writers              - Getting TCPMessageWriter for class java.lang.String
00:26:16.830 [TCPServer_RecvThread-7   ] DEBUG Readers              - Getting TCPMessageReader for class java.lang.String
00:26:16.830 [TCPServer_SendThread-7   ] DEBUG Writers              - Constructed TCPMessageWriter for class java.lang.String: MessageWriterS
00:26:16.831 [TCPServer_RecvThread-7   ] DEBUG Readers              - Constructed MessageReader for class java.lang.String: MessageReaderS
00:26:17.851 [JavaFX Application Thread] DEBUG Input                - Mocking key press: K
00:26:18.140 [JavaFX Application Thread] DEBUG Input                - Mocking key press: I
00:26:18.199 [JavaFX Application Thread] DEBUG Input                - Mocking key release: K
00:26:18.734 [JavaFX Application Thread] DEBUG Input                - Mocking key release: I
00:26:18.767 [JavaFX Application Thread] DEBUG Input                - Mocking key press: K
00:26:19.097 [JavaFX Application Thread] DEBUG Input                - Mocking key release: K
00:26:20.388 [JavaFX Application Thread] DEBUG Input                - Mocking key press: I
00:26:20.917 [JavaFX Application Thread] DEBUG Input                - Mocking key release: I
00:26:21.185 [JavaFX Application Thread] DEBUG Input                - Mocking key press: K
00:26:21.633 [JavaFX Application Thread] DEBUG Input                - Mocking key release: K
00:26:22.099 [JavaFX Application Thread] DEBUG Input                - Mocking key press: I
00:26:22.238 [JavaFX Application Thread] DEBUG Input                - Mocking key release: I
00:26:22.458 [JavaFX Application Thread] DEBUG Input                - Mocking key press: I
00:26:22.920 [JavaFX Application Thread] DEBUG Input                - Mocking key release: I
00:26:23.333 [JavaFX Application Thread] DEBUG Input                - Mocking key press: K
00:26:23.870 [JavaFX Application Thread] DEBUG Input                - Mocking key release: K
00:26:24.700 [JavaFX Application Thread] DEBUG Input                - Mocking key press: I
00:26:25.382 [JavaFX Application Thread] DEBUG Input                - Mocking key release: I
00:26:25.806 [JavaFX Application Thread] DEBUG Input                - Mocking key press: K
00:26:26.920 [JavaFX Application Thread] DEBUG Input                - Mocking key release: K
00:26:27.101 [JavaFX Application Thread] DEBUG Input                - Mocking key press: I
00:26:27.718 [JavaFX Application Thread] DEBUG Input                - Mocking key release: I
00:26:28.322 [JavaFX Application Thread] DEBUG Input                - Mocking key press: K
00:26:28.883 [JavaFX Application Thread] DEBUG Input                - Mocking key press: I
00:26:28.884 [JavaFX Application Thread] DEBUG Input                - Mocking key release: K
00:26:29.910 [JavaFX Application Thread] DEBUG Input                - Mocking key release: I
00:26:30.132 [JavaFX Application Thread] DEBUG Input                - Mocking key press: K
00:26:30.967 [JavaFX Application Thread] DEBUG Input                - Mocking key release: K
00:26:31.017 [JavaFX Application Thread] DEBUG Input                - Mocking key press: K
00:26:31.355 [JavaFX Application Thread] DEBUG Input                - Mocking key press: I
00:26:31.398 [JavaFX Application Thread] DEBUG Input                - Mocking key release: K
00:26:32.047 [JavaFX Application Thread] DEBUG Input                - Mocking key release: I
00:26:32.135 [JavaFX Application Thread] DEBUG Input                - Mocking key press: K
00:26:32.451 [JavaFX Application Thread] DEBUG Input                - Mocking key press: I
00:26:32.510 [JavaFX Application Thread] DEBUG Input                - Mocking key release: K
00:26:32.573 [JavaFX Application Thread] DEBUG Input                - Mocking key release: I
00:26:32.818 [JavaFX Application Thread] DEBUG Input                - Mocking key press: I
00:26:33.180 [JavaFX Application Thread] DEBUG Input                - Mocking key press: K
00:26:33.223 [JavaFX Application Thread] DEBUG Input                - Mocking key release: I
00:26:33.541 [JavaFX Application Thread] DEBUG Input                - Mocking key press: I
00:26:33.567 [JavaFX Application Thread] DEBUG Input                - Mocking key release: K
00:26:33.783 [JavaFX Application Thread] DEBUG Input                - Mocking key release: I
00:26:33.860 [JavaFX Application Thread] DEBUG Input                - Mocking key press: K
00:26:34.183 [JavaFX Application Thread] DEBUG Input                - Mocking key press: I
00:26:34.261 [JavaFX Application Thread] DEBUG Input                - Mocking key release: K
00:26:34.725 [JavaFX Application Thread] DEBUG Input                - Mocking key press: K
00:26:34.787 [JavaFX Application Thread] DEBUG Input                - Mocking key release: I
00:26:35.091 [JavaFX Application Thread] DEBUG Input                - Mocking key press: I
00:26:35.171 [JavaFX Application Thread] DEBUG Input                - Mocking key release: K
00:26:35.584 [JavaFX Application Thread] DEBUG Input                - Mocking key press: K
00:26:35.678 [JavaFX Application Thread] DEBUG Input                - Mocking key release: I
00:26:35.966 [JavaFX Application Thread] DEBUG Input                - Mocking key press: I
00:26:36.071 [JavaFX Application Thread] DEBUG Input                - Mocking key release: K
00:26:36.466 [JavaFX Application Thread] DEBUG Input                - Mocking key press: K
00:26:36.522 [JavaFX Application Thread] DEBUG Input                - Mocking key release: I
00:26:36.759 [JavaFX Application Thread] DEBUG Input                - Mocking key press: I
00:26:36.883 [JavaFX Application Thread] DEBUG Input                - Mocking key release: K
00:26:37.289 [JavaFX Application Thread] DEBUG Input                - Mocking key press: K
00:26:37.352 [JavaFX Application Thread] DEBUG Input                - Mocking key release: I
00:26:38.854 [JavaFX Application Thread] DEBUG Input                - Mocking key press: I
00:26:38.921 [JavaFX Application Thread] DEBUG Input                - Mocking key release: K
00:26:39.588 [JavaFX Application Thread] DEBUG Input                - Mocking key press: K
00:26:39.651 [JavaFX Application Thread] DEBUG Input                - Mocking key release: I
00:26:40.252 [JavaFX Application Thread] DEBUG Input                - Mocking key release: K
00:26:40.717 [JavaFX Application Thread] DEBUG Input                - Mocking key press: I
00:26:41.485 [JavaFX Application Thread] DEBUG Input                - Mocking key release: I
00:26:41.541 [JavaFX Application Thread] DEBUG Input                - Mocking key press: K
00:26:42.392 [JavaFX Application Thread] DEBUG Input                - Mocking key press: I
00:26:42.501 [JavaFX Application Thread] DEBUG Input                - Mocking key release: K
00:26:42.918 [JavaFX Application Thread] DEBUG Input                - Mocking key press: K
00:26:43.005 [JavaFX Application Thread] DEBUG Input                - Mocking key release: I
00:26:43.366 [JavaFX Application Thread] DEBUG Input                - Mocking key press: I
00:26:43.441 [JavaFX Application Thread] DEBUG Input                - Mocking key release: K
00:26:44.567 [JavaFX Application Thread] DEBUG Input                - Mocking key release: I
00:26:44.600 [JavaFX Application Thread] DEBUG Input                - Mocking key press: K
00:26:46.018 [JavaFX Application Thread] DEBUG Input                - Mocking key press: I
00:26:46.075 [JavaFX Application Thread] DEBUG Input                - Mocking key release: K
00:26:46.906 [JavaFX Application Thread] DEBUG Input                - Mocking key press: K
00:26:46.934 [JavaFX Application Thread] DEBUG Input                - Mocking key release: I
00:26:47.554 [JavaFX Application Thread] DEBUG Input                - Mocking key press: I
00:26:47.633 [JavaFX Application Thread] DEBUG Input                - Mocking key release: K
00:26:48.219 [JavaFX Application Thread] DEBUG Input                - Mocking key release: I
00:26:48.281 [JavaFX Application Thread] DEBUG Input                - Mocking key press: K
00:26:48.534 [JavaFX Application Thread] DEBUG Input                - Mocking key release: K
00:26:48.808 [JavaFX Application Thread] DEBUG Input                - Mocking key press: I
00:26:49.256 [JavaFX Application Thread] DEBUG Input                - Mocking key press: K
00:26:49.302 [JavaFX Application Thread] DEBUG Input                - Mocking key release: I
00:26:49.566 [JavaFX Application Thread] DEBUG Input                - Mocking key press: I
00:26:49.725 [JavaFX Application Thread] DEBUG Input                - Mocking key release: K
00:26:49.851 [JavaFX Application Thread] DEBUG Input                - Mocking key press: K
00:26:49.867 [JavaFX Application Thread] DEBUG Input                - Mocking key release: I
00:26:50.537 [JavaFX Application Thread] DEBUG Input                - Mocking key release: K
00:26:50.757 [JavaFX Application Thread] DEBUG Connection           - Closing connection 7
00:26:50.758 [JavaFX Application Thread] DEBUG Connection           - Connection 7 was correctly closed from local endpoint.
00:26:50.758 [TCPServer_RecvThread-7   ] DEBUG Endpoint             - TCPServer connection (7) was closed
00:27:21.202 [Thread-4                 ] DEBUG Endpoint             - TCPServer opening new connection (8) from /127.0.0.1:65210 type: class java.lang.String
00:27:21.202 [Thread-4                 ] DEBUG Endpoint             - TCPServer successfully opened connection (8)
00:27:21.204 [TCPServer_SendThread-8   ] DEBUG Writers              - Getting TCPMessageWriter for class java.lang.String
00:27:21.204 [TCPServer_RecvThread-8   ] DEBUG Readers              - Getting TCPMessageReader for class java.lang.String
00:27:21.204 [TCPServer_SendThread-8   ] DEBUG Writers              - Constructed TCPMessageWriter for class java.lang.String: MessageWriterS
00:27:21.204 [TCPServer_RecvThread-8   ] DEBUG Readers              - Constructed MessageReader for class java.lang.String: MessageReaderS
00:27:22.141 [JavaFX Application Thread] DEBUG Input                - Mocking key release: S
00:27:23.025 [JavaFX Application Thread] DEBUG Input                - Mocking key release: W
00:27:23.151 [JavaFX Application Thread] DEBUG Input                - Mocking key release: S
00:27:23.341 [JavaFX Application Thread] DEBUG Input                - Mocking key press: I
00:27:23.567 [JavaFX Application Thread] DEBUG Input                - Mocking key press: K
00:27:23.568 [JavaFX Application Thread] DEBUG Input                - Mocking key release: I
00:27:23.856 [JavaFX Application Thread] DEBUG Input                - Mocking key press: I
00:27:23.866 [JavaFX Application Thread] DEBUG Input                - Mocking key release: K
00:27:24.918 [JavaFX Application Thread] DEBUG Input                - Mocking key release: I
00:27:25.153 [JavaFX Application Thread] DEBUG Input                - Mocking key press: K
00:27:25.296 [JavaFX Application Thread] DEBUG Input                - Mocking key release: K
00:27:25.320 [JavaFX Application Thread] DEBUG Input                - Mocking key press: I
00:27:25.705 [JavaFX Application Thread] DEBUG Input                - Mocking key release: I
00:27:25.890 [JavaFX Application Thread] DEBUG Input                - Mocking key press: K
00:27:26.569 [JavaFX Application Thread] DEBUG Input                - Mocking key release: K
00:27:28.821 [JavaFX Application Thread] DEBUG Input                - Mocking key press: I
00:27:29.042 [JavaFX Application Thread] DEBUG Input                - Mocking key release: I
00:27:29.651 [JavaFX Application Thread] DEBUG Input                - Mocking key press: K
00:27:30.109 [JavaFX Application Thread] DEBUG Input                - Mocking key release: K
00:27:31.117 [JavaFX Application Thread] DEBUG Input                - Mocking key press: K
00:27:31.440 [JavaFX Application Thread] DEBUG Input                - Mocking key release: K
00:27:32.201 [JavaFX Application Thread] DEBUG Input                - Mocking key press: I
00:27:33.101 [JavaFX Application Thread] DEBUG Input                - Mocking key release: I
00:27:33.123 [JavaFX Application Thread] DEBUG Input                - Mocking key press: K
00:27:33.370 [JavaFX Application Thread] DEBUG Input                - Mocking key release: K
00:27:33.407 [JavaFX Application Thread] DEBUG Input                - Mocking key press: I
00:27:33.903 [JavaFX Application Thread] DEBUG Input                - Mocking key release: I
00:27:33.923 [JavaFX Application Thread] DEBUG Input                - Mocking key press: K
00:27:34.420 [JavaFX Application Thread] DEBUG Input                - Mocking key release: K
00:27:35.035 [JavaFX Application Thread] DEBUG Connection           - Closing connection 8
00:27:35.035 [JavaFX Application Thread] DEBUG Connection           - Connection 8 was correctly closed from local endpoint.
00:27:35.036 [TCPServer_RecvThread-8   ] DEBUG Endpoint             - TCPServer connection (8) was closed
00:27:53.632 [Thread-4                 ] DEBUG Endpoint             - TCPServer opening new connection (9) from /127.0.0.1:65218 type: class java.lang.String
00:27:53.632 [Thread-4                 ] DEBUG Endpoint             - TCPServer successfully opened connection (9)
00:27:53.633 [TCPServer_RecvThread-9   ] DEBUG Readers              - Getting TCPMessageReader for class java.lang.String
00:27:53.633 [TCPServer_SendThread-9   ] DEBUG Writers              - Getting TCPMessageWriter for class java.lang.String
00:27:53.633 [TCPServer_SendThread-9   ] DEBUG Writers              - Constructed TCPMessageWriter for class java.lang.String: MessageWriterS
00:27:53.633 [TCPServer_RecvThread-9   ] DEBUG Readers              - Constructed MessageReader for class java.lang.String: MessageReaderS
00:54:08.371 [Thread-4                 ] DEBUG Endpoint             - TCPServer opening new connection (10) from /127.0.0.1:65377 type: class java.lang.String
00:54:08.371 [Thread-4                 ] DEBUG Endpoint             - TCPServer successfully opened connection (10)
00:54:08.373 [TCPServer_SendThread-10  ] DEBUG Writers              - Getting TCPMessageWriter for class java.lang.String
00:54:08.373 [TCPServer_RecvThread-10  ] DEBUG Readers              - Getting TCPMessageReader for class java.lang.String
00:54:08.373 [TCPServer_RecvThread-10  ] DEBUG Readers              - Constructed MessageReader for class java.lang.String: MessageReaderS
00:54:08.373 [TCPServer_SendThread-10  ] DEBUG Writers              - Constructed TCPMessageWriter for class java.lang.String: MessageWriterS
00:59:30.572 [JavaFX Application Thread] DEBUG FXGLApplication      - Exiting FXGL
00:59:30.572 [JavaFX Application Thread] DEBUG LoopRunner           - Stopping loop
00:59:30.572 [JavaFX Application Thread] DEBUG SystemBundleService  - Saving FXGL system data
00:59:30.634 [JavaFX Application Thread] DEBUG FileSystemAccess     - Writing to: C:\Users\Andre\Desktop\CI628Multi\CI628-Server-Repository\system\fxgl.bundle
00:59:30.634 [JavaFX Application Thread] DEBUG Async                - Shutting down background threads
00:59:30.646 [JavaFX Application Thread] DEBUG MainWindow           - Closing main window
00:59:30.706 [JavaFX Application Thread] DEBUG Logger               - Closing Logger
