17:58:19.824 [main                     ] DEBUG Logger               - Configured Logger
17:58:19.839 [main                     ] DEBUG GameApplication      - Logging settings
Title: Pong
Version: 1.0
Width: 800
Height: 600
Fullscreen: false
Intro: false
Profiling: false
Single step:false
App Mode: DEBUG
Menu Key: ESCAPE
Stage Style: DECORATED
Scene Factory: class com.almasb.fxgl.app.scene.SceneFactory

17:58:20.282 [JavaFX Application Thread] DEBUG FXGLApplication      - Initializing FXGL
17:58:20.289 [JavaFX Application Thread] INFO  Engine               - FXGL-11.11 (08.09.2020 18.00) on WINDOWS (J:19 FX:14)
17:58:20.290 [JavaFX Application Thread] DEBUG Engine               - JRE Vendor Name: Oracle Corporation
17:58:20.290 [JavaFX Application Thread] DEBUG Engine               - Running on OS: Windows 11 version 10.0
17:58:20.290 [JavaFX Application Thread] DEBUG Engine               - Architecture: amd64
17:58:20.290 [JavaFX Application Thread] INFO  Engine               - Source code and latest versions at: https://github.com/AlmasB/FXGL
17:58:20.290 [JavaFX Application Thread] INFO  Engine               -              Join the FXGL chat at: https://gitter.im/AlmasB/FXGL
17:58:20.414 [JavaFX Application Thread] DEBUG MainWindow           - Creating a JavaFX scene
17:58:20.482 [JavaFX Application Thread] DEBUG MainWindow           - Target settings size: 800.0 x 600.0
17:58:20.482 [JavaFX Application Thread] DEBUG MainWindow           - Scaled scene size:    800.0 x 600.0
17:58:20.482 [JavaFX Application Thread] DEBUG MainWindow           - Scaled ratio: (1.0, 1.0)
17:58:20.483 [JavaFX Application Thread] DEBUG MainWindow           - Set initial scene to StartupScene
17:58:20.490 [JavaFX Application Thread] DEBUG MainWindow           - Opening main window
17:58:20.613 [JavaFX Application Thread] DEBUG MainWindow           - Window border size: (14.66668701171875, 37.33331298828125)
17:58:20.613 [JavaFX Application Thread] DEBUG MainWindow           - Scaled size: 800.0 x 600.0
17:58:20.614 [JavaFX Application Thread] DEBUG MainWindow           - Scaled ratio: (1.0, 1.0)
17:58:20.614 [JavaFX Application Thread] DEBUG MainWindow           - Scene size: 800.0 x 600.0
17:58:20.614 [JavaFX Application Thread] DEBUG MainWindow           - Stage size: 814.6666870117188 x 637.3333129882812
17:58:20.625 [FXGL Background Thread 1 ] DEBUG Engine               - Initializing environment variables
17:58:20.693 [FXGL Background Thread 1 ] DEBUG GameApplicationServi - Applying CSS: fxgl_dark.css
17:58:20.693 [FXGL Background Thread 1 ] DEBUG FXGLAssetLoaderServi - Loading from file system: /assets/ui/css/fxgl_dark.css
17:58:20.766 [FXGL Background Thread 1 ] DEBUG GameApplicationServi - Initializing application scenes
17:58:20.830 [FXGL Background Thread 1 ] DEBUG GameWorld            - Game world initialized
17:58:20.951 [FXGL Background Thread 1 ] DEBUG PhysicsWorld         - Physics world initialized: appHeight=600, physics.ppm=50.0
17:58:20.954 [FXGL Background Thread 1 ] DEBUG GameScene            - Game scene initialized: 800x600
17:58:21.005 [FXGL Background Thread 1 ] DEBUG FXGLAssetLoaderServi - Loading from file system: /assets/textures/particles/trace_horizontal.png
17:58:21.062 [FXGL Background Thread 1 ] DEBUG FXGL.DefaultMenu     - createMenuBodyGameMenu()
17:58:21.078 [FXGL Background Thread 1 ] DEBUG FXGL.DefaultMenu     - createOptionsMenu()
17:58:21.082 [FXGL Background Thread 1 ] DEBUG FXGLAssetLoaderServi - Loading from file system: /assets/textures/particles/smoke.png
17:58:21.138 [FXGL Background Thread 1 ] DEBUG GameApplicationServi - Application scenes initialized
17:58:21.150 [FXGL Background Thread 1 ] DEBUG SystemBundleService  - Loading FXGL system data
17:58:21.158 [FXGL Background Thread 1 ] DEBUG FileSystemAccess     - Reading from: C:\Users\Andre\Desktop\CI628Multi\CI628-Server-Repository\system\fxgl.bundle
17:58:21.172 [FXGL Background Thread 1 ] DEBUG SystemBundleService  - Bundle FXGL: {}
17:58:21.173 [FXGL Background Thread 1 ] DEBUG UpdaterService       - Checking for updates
17:58:21.177 [FXGL Background Thread 4 ] DEBUG FXGLApplication      - Loading fonts
17:58:21.177 [FXGL Background Thread 1 ] DEBUG FXGLApplication      - Loading default localization
17:58:21.177 [FXGL Background Thread 4 ] DEBUG FXGLAssetLoaderServi - Loading from file system: /assets/ui/fonts/pong.ttf
17:58:21.177 [FXGL Background Thread 1 ] DEBUG FXGLAssetLoaderServi - Loading from file system: /assets/languages/english.lang
17:58:21.196 [FXGL Background Thread 1 ] INFO  FXGLApplication      - FXGL initialization took: 0.571 sec
17:58:21.206 [JavaFX Application Thread] DEBUG Input                - Registered new binding: Up1 - W
17:58:21.206 [JavaFX Application Thread] DEBUG Input                - Registered new binding: Down1 - S
17:58:21.207 [JavaFX Application Thread] DEBUG Input                - Registered new binding: Up2 - I
17:58:21.207 [JavaFX Application Thread] DEBUG Input                - Registered new binding: Down2 - K
17:58:21.207 [JavaFX Application Thread] DEBUG FXGLAssetLoaderServi - Loading from file system: /assets/textures/fxgl_icon.png
17:58:21.236 [JavaFX Application Thread] DEBUG FXGLAssetLoaderServi - Loading from file system: /assets/ui/cursors/fxgl_default.png
17:58:21.239 [JavaFX Application Thread] DEBUG Input                - Registered new binding: Screenshot - P
17:58:21.240 [JavaFX Application Thread] DEBUG Input                - Registered new binding: System info dump - CTRL+9
17:58:21.241 [JavaFX Application Thread] DEBUG Input                - Registered new binding: Restart - CTRL+R
17:58:21.242 [JavaFX Application Thread] DEBUG Input                - Registered new binding: Toggle Debug Camera - CTRL+C
17:58:21.244 [JavaFX Application Thread] DEBUG LoopRunner           - Starting loop
17:58:21.246 [JavaFX Application Thread] DEBUG GameApplicationServi - Starting new game
17:58:21.247 [JavaFX Application Thread] DEBUG Input                - Clearing active input actions
17:58:21.265 [JavaFX Application Thread] DEBUG GameApplicationServi - Removing overlay from StartupScene and adding to FXGLLoadingScene
17:58:21.265 [JavaFX Application Thread] DEBUG MainWindow           - StartupScene -> FXGLLoadingScene
17:58:21.266 [JavaFX Application Thread] DEBUG GameApplicationServi - Clearing previous game
17:58:21.266 [JavaFX Application Thread] DEBUG GameScene            - Clearing game scene
17:58:21.266 [JavaFX Application Thread] DEBUG GameWorld            - Clearing game world
17:58:21.266 [JavaFX Application Thread] DEBUG PhysicsWorld         - Clearing physics world
17:58:21.268 [FXGL Background Thread 1 ] DEBUG FXGLApplication      - Initializing game
17:58:21.293 [FXGL Background Thread 4 ] DEBUG FXGLAssetLoaderServi - Loading from file system: /assets/ui/fonts/Abel-Regular.ttf
17:58:21.332 [FXGL Background Thread 4 ] DEBUG FXGLAssetLoaderServi - Loading from file system: /assets/ui/fonts/lucida_console.ttf
17:58:21.367 [FXGL Background Thread 4 ] DEBUG FXGLAssetLoaderServi - Loading from file system: /assets/ui/fonts/Courier-Prime.ttf
17:58:21.371 [FXGL Background Thread 1 ] DEBUG FXGLAssetLoaderServi - Loading from file system: /assets/ui/main.fxml
17:58:21.397 [Thread-4                 ] DEBUG TCPServer            - Starting to listen at: 55555 type: class java.lang.String
17:58:21.550 [JavaFX Application Thread] DEBUG FXGLApplication      - Registering font factories with UI factory
17:58:21.562 [FXGL Background Thread 1 ] INFO  FXGLApplication      - Game initialization took: 0.293 sec
17:58:21.563 [JavaFX Application Thread] DEBUG Input                - Clearing active input actions
17:58:21.584 [JavaFX Application Thread] DEBUG GameApplicationServi - Removing overlay from FXGLLoadingScene and adding to GameScene
17:58:21.584 [JavaFX Application Thread] DEBUG MainWindow           - FXGLLoadingScene -> GameScene
17:58:22.424 [FXGL Background Thread 2 ] INFO  UpdaterService       - Your current version:  11.11
17:58:22.424 [FXGL Background Thread 2 ] INFO  UpdaterService       - Latest stable version: 17+dev-SNAPSHOT
17:58:24.176 [FXGL Background Thread 3 ] DEBUG Engine               - Logging environment variables
17:58:24.177 [FXGL Background Thread 3 ] DEBUG Engine               - achievements: []
17:58:24.177 [FXGL Background Thread 3 ] DEBUG Engine               - appIcon: fxgl_icon.png
17:58:24.178 [FXGL Background Thread 3 ] DEBUG Engine               - applicationMode: DEBUG
17:58:24.179 [FXGL Background Thread 3 ] DEBUG Engine               - cSSList: [fxgl_dark.css]
17:58:24.179 [FXGL Background Thread 3 ] DEBUG Engine               - configClass: Optional.empty
17:58:24.180 [FXGL Background Thread 3 ] DEBUG Engine               - credits: []
17:58:24.181 [FXGL Background Thread 3 ] DEBUG Engine               - devBBoxColorProperty: ObjectProperty [value: 0xff0000ff]
17:58:24.181 [FXGL Background Thread 3 ] DEBUG Engine               - devEnableDebugCameraProperty: BooleanProperty [value: false]
17:58:24.181 [FXGL Background Thread 3 ] DEBUG Engine               - devSensorColorProperty: ObjectProperty [value: 0xffff00ff]
17:58:24.182 [FXGL Background Thread 3 ] DEBUG Engine               - devShowBBoxProperty: BooleanProperty [value: false]
17:58:24.182 [FXGL Background Thread 3 ] DEBUG Engine               - devShowPositionProperty: BooleanProperty [value: false]
17:58:24.182 [FXGL Background Thread 3 ] DEBUG Engine               - enabledMenuItems: []
17:58:24.182 [FXGL Background Thread 3 ] DEBUG Engine               - engineServices: [class com.almasb.fxgl.app.FXGLApplication$GameApplicationService, class com.almasb.fxgl.app.services.FXGLDialogService, class com.almasb.fxgl.app.services.IOTaskExecutorService, class com.almasb.fxgl.event.EventBusService, class com.almasb.fxgl.io.FileSystemService, class com.almasb.fxgl.localization.LocalizationService, class com.almasb.fxgl.app.services.FXGLAssetLoaderService, class com.almasb.fxgl.app.services.SystemBundleService, class com.almasb.fxgl.profile.SaveLoadService, class com.almasb.fxgl.ui.FXGLUIFactoryServiceProvider, class com.almasb.fxgl.ui.FXGLDialogFactoryServiceProvider, class com.almasb.fxgl.audio.AudioPlayer, class com.almasb.fxgl.notification.impl.NotificationServiceProvider, class com.almasb.fxgl.achievement.AchievementService, class com.almasb.fxgl.cutscene.CutsceneService, class com.almasb.fxgl.minigames.MiniGameService, class com.almasb.fxgl.net.NetService, class com.almasb.fxgl.app.services.UpdaterService, class com.almasb.fxgl.dev.DevService]
17:58:24.183 [FXGL Background Thread 3 ] DEBUG Engine               - fontGame: Abel-Regular.ttf
17:58:24.183 [FXGL Background Thread 3 ] DEBUG Engine               - fontMono: lucida_console.ttf
17:58:24.183 [FXGL Background Thread 3 ] DEBUG Engine               - fontText: Courier-Prime.ttf
17:58:24.183 [FXGL Background Thread 3 ] DEBUG Engine               - fontUI: pong.ttf
17:58:24.183 [FXGL Background Thread 3 ] DEBUG Engine               - fullScreen: BooleanProperty [value: false]
17:58:24.183 [FXGL Background Thread 3 ] DEBUG Engine               - gameDifficulty: MEDIUM
17:58:24.183 [FXGL Background Thread 3 ] DEBUG Engine               - gameDifficultyProperty: ObjectProperty [value: MEDIUM]
17:58:24.184 [FXGL Background Thread 3 ] DEBUG Engine               - globalMusicVolume: 0.5
17:58:24.184 [FXGL Background Thread 3 ] DEBUG Engine               - globalMusicVolumeProperty: DoubleProperty [value: 0.5]
17:58:24.184 [FXGL Background Thread 3 ] DEBUG Engine               - globalSoundVolume: 0.5
17:58:24.184 [FXGL Background Thread 3 ] DEBUG Engine               - globalSoundVolumeProperty: DoubleProperty [value: 0.5]
17:58:24.184 [FXGL Background Thread 3 ] DEBUG Engine               - height: 600
17:58:24.184 [FXGL Background Thread 3 ] DEBUG Engine               - isAndroid: false
17:58:24.184 [FXGL Background Thread 3 ] DEBUG Engine               - isBrowser: false
17:58:24.184 [FXGL Background Thread 3 ] DEBUG Engine               - isClickFeedbackEnabled: false
17:58:24.185 [FXGL Background Thread 3 ] DEBUG Engine               - isCloseConfirmation: false
17:58:24.185 [FXGL Background Thread 3 ] DEBUG Engine               - isDesktop: true
17:58:24.185 [FXGL Background Thread 3 ] DEBUG Engine               - isDeveloperMenuEnabled: false
17:58:24.185 [FXGL Background Thread 3 ] DEBUG Engine               - isEntityPreloadEnabled: true
17:58:24.185 [FXGL Background Thread 3 ] DEBUG Engine               - isExperimentalNative: false
17:58:24.185 [FXGL Background Thread 3 ] DEBUG Engine               - isExperimentalTiledLargeMap: false
17:58:24.185 [FXGL Background Thread 3 ] DEBUG Engine               - isFileSystemWriteAllowed: true
17:58:24.185 [FXGL Background Thread 3 ] DEBUG Engine               - isFullScreenAllowed: false
17:58:24.185 [FXGL Background Thread 3 ] DEBUG Engine               - isFullScreenFromStart: false
17:58:24.186 [FXGL Background Thread 3 ] DEBUG Engine               - isGameMenuEnabled: true
17:58:24.186 [FXGL Background Thread 3 ] DEBUG Engine               - isIOS: false
17:58:24.186 [FXGL Background Thread 3 ] DEBUG Engine               - isIntroEnabled: false
17:58:24.186 [FXGL Background Thread 3 ] DEBUG Engine               - isLinux: false
17:58:24.186 [FXGL Background Thread 3 ] DEBUG Engine               - isMac: false
17:58:24.186 [FXGL Background Thread 3 ] DEBUG Engine               - isMainMenuEnabled: false
17:58:24.186 [FXGL Background Thread 3 ] DEBUG Engine               - isManualResizeEnabled: false
17:58:24.186 [FXGL Background Thread 3 ] DEBUG Engine               - isMobile: false
17:58:24.186 [FXGL Background Thread 3 ] DEBUG Engine               - isPreserveResizeRatio: false
17:58:24.186 [FXGL Background Thread 3 ] DEBUG Engine               - isProfilingEnabled: false
17:58:24.186 [FXGL Background Thread 3 ] DEBUG Engine               - isSingleStep: false
17:58:24.186 [FXGL Background Thread 3 ] DEBUG Engine               - isUserProfileEnabled: false
17:58:24.187 [FXGL Background Thread 3 ] DEBUG Engine               - isWindows: true
17:58:24.187 [FXGL Background Thread 3 ] DEBUG Engine               - language: ObjectProperty [value: ENGLISH]
17:58:24.187 [FXGL Background Thread 3 ] DEBUG Engine               - menuKey: ESCAPE
17:58:24.187 [FXGL Background Thread 3 ] DEBUG Engine               - notificationViewClass: class com.almasb.fxgl.notification.view.XboxNotificationView
17:58:24.187 [FXGL Background Thread 3 ] DEBUG Engine               - pixelsPerMeter: 50.0
17:58:24.188 [FXGL Background Thread 3 ] DEBUG Engine               - platform: WINDOWS
17:58:24.188 [FXGL Background Thread 3 ] DEBUG Engine               - profileDir: profiles/
17:58:24.188 [FXGL Background Thread 3 ] DEBUG Engine               - profileName: StringProperty [value: DEFAULT]
17:58:24.188 [FXGL Background Thread 3 ] DEBUG Engine               - randomSeed: -1
17:58:24.188 [FXGL Background Thread 3 ] DEBUG Engine               - runtimeInfo: RuntimeInfo(platform=WINDOWS, version=11.11, build=08.09.2020 18.00)
17:58:24.188 [FXGL Background Thread 3 ] DEBUG Engine               - saveFileExt: sav
17:58:24.188 [FXGL Background Thread 3 ] DEBUG Engine               - sceneFactory: com.almasb.fxgl.app.scene.SceneFactory@5fd8f1df
17:58:24.188 [FXGL Background Thread 3 ] DEBUG Engine               - secondsIn24h: 60
17:58:24.188 [FXGL Background Thread 3 ] DEBUG Engine               - soundMenuBack: menu/back.wav
17:58:24.188 [FXGL Background Thread 3 ] DEBUG Engine               - soundMenuPress: menu/press.wav
17:58:24.188 [FXGL Background Thread 3 ] DEBUG Engine               - soundMenuSelect: menu/select.wav
17:58:24.188 [FXGL Background Thread 3 ] DEBUG Engine               - soundNotification: core/notification.wav
17:58:24.189 [FXGL Background Thread 3 ] DEBUG Engine               - stageStyle: DECORATED
17:58:24.189 [FXGL Background Thread 3 ] DEBUG Engine               - supportedLanguages: [ENGLISH, FRENCH, GERMAN, HUNGARIAN, RUSSIAN]
17:58:24.189 [FXGL Background Thread 3 ] DEBUG Engine               - title: Pong
17:58:24.189 [FXGL Background Thread 3 ] DEBUG Engine               - urlGithub: https://github.com/AlmasB/FXGL
17:58:24.189 [FXGL Background Thread 3 ] DEBUG Engine               - urlLeaderboard: http://fxgl-top.herokuapp.com/
17:58:24.189 [FXGL Background Thread 3 ] DEBUG Engine               - urlPOM: https://raw.githubusercontent.com/AlmasB/FXGL/master/pom.xml
17:58:24.189 [FXGL Background Thread 3 ] DEBUG Engine               - version: 1.0
17:58:24.189 [FXGL Background Thread 3 ] DEBUG Engine               - versionCheckDays: 7
17:58:24.189 [FXGL Background Thread 3 ] DEBUG Engine               - width: 800
17:58:24.189 [FXGL Background Thread 3 ] DEBUG Engine               - Logging services
17:58:24.189 [FXGL Background Thread 3 ] DEBUG Engine               - class com.almasb.fxgl.app.FXGLApplication$GameApplicationService
17:58:24.189 [FXGL Background Thread 3 ] DEBUG Engine               - class com.almasb.fxgl.app.services.FXGLDialogService
17:58:24.189 [FXGL Background Thread 3 ] DEBUG Engine               - class com.almasb.fxgl.app.services.IOTaskExecutorService
17:58:24.190 [FXGL Background Thread 3 ] DEBUG Engine               - class com.almasb.fxgl.event.EventBusService
17:58:24.190 [FXGL Background Thread 3 ] DEBUG Engine               - class com.almasb.fxgl.io.FileSystemService
17:58:24.190 [FXGL Background Thread 3 ] DEBUG Engine               - class com.almasb.fxgl.localization.LocalizationService
17:58:24.190 [FXGL Background Thread 3 ] DEBUG Engine               - class com.almasb.fxgl.app.services.FXGLAssetLoaderService
17:58:24.190 [FXGL Background Thread 3 ] DEBUG Engine               - class com.almasb.fxgl.app.services.SystemBundleService
17:58:24.190 [FXGL Background Thread 3 ] DEBUG Engine               - class com.almasb.fxgl.profile.SaveLoadService
17:58:24.190 [FXGL Background Thread 3 ] DEBUG Engine               - class com.almasb.fxgl.ui.FXGLUIFactoryServiceProvider
17:58:24.190 [FXGL Background Thread 3 ] DEBUG Engine               - class com.almasb.fxgl.ui.FXGLDialogFactoryServiceProvider
17:58:24.190 [FXGL Background Thread 3 ] DEBUG Engine               - class com.almasb.fxgl.audio.AudioPlayer
17:58:24.190 [FXGL Background Thread 3 ] DEBUG Engine               - class com.almasb.fxgl.notification.impl.NotificationServiceProvider
17:58:24.191 [FXGL Background Thread 3 ] DEBUG Engine               - class com.almasb.fxgl.achievement.AchievementService
17:58:24.191 [FXGL Background Thread 3 ] DEBUG Engine               - class com.almasb.fxgl.cutscene.CutsceneService
17:58:24.191 [FXGL Background Thread 3 ] DEBUG Engine               - class com.almasb.fxgl.minigames.MiniGameService
17:58:24.191 [FXGL Background Thread 3 ] DEBUG Engine               - class com.almasb.fxgl.net.NetService
17:58:24.191 [FXGL Background Thread 3 ] DEBUG Engine               - class com.almasb.fxgl.app.services.UpdaterService
17:58:24.191 [FXGL Background Thread 3 ] DEBUG Engine               - class com.almasb.fxgl.dev.DevService
17:58:46.978 [Thread-4                 ] DEBUG Endpoint             - TCPServer opening new connection (1) from /127.0.0.1:62135 type: class java.lang.String
17:58:46.986 [Thread-4                 ] DEBUG Endpoint             - TCPServer successfully opened connection (1)
17:58:47.016 [TCPServer_SendThread-1   ] DEBUG Writers              - Getting TCPMessageWriter for class java.lang.String
17:58:47.022 [TCPServer_SendThread-1   ] DEBUG Writers              - Constructed TCPMessageWriter for class java.lang.String: MessageWriterS
17:58:47.031 [TCPServer_RecvThread-1   ] DEBUG Readers              - Getting TCPMessageReader for class java.lang.String
17:58:47.057 [TCPServer_RecvThread-1   ] DEBUG Readers              - Constructed MessageReader for class java.lang.String: MessageReaderS
17:58:49.684 [JavaFX Application Thread] DEBUG Input                - Mocking key press: S
17:58:49.990 [JavaFX Application Thread] DEBUG Input                - Mocking key press: W
17:58:50.190 [JavaFX Application Thread] DEBUG Input                - Mocking key release: S
17:58:50.374 [JavaFX Application Thread] DEBUG Input                - Mocking key press: S
17:58:50.400 [JavaFX Application Thread] DEBUG Input                - Mocking key release: W
17:58:51.153 [JavaFX Application Thread] DEBUG Input                - Mocking key press: W
17:58:51.173 [JavaFX Application Thread] DEBUG Input                - Mocking key release: S
17:58:51.530 [JavaFX Application Thread] DEBUG Input                - Mocking key press: S
17:58:51.532 [JavaFX Application Thread] DEBUG Input                - Mocking key release: W
17:58:51.797 [JavaFX Application Thread] DEBUG Input                - Mocking key release: S
17:58:55.938 [Thread-4                 ] DEBUG Endpoint             - TCPServer opening new connection (2) from /127.0.0.1:62139 type: class java.lang.String
17:58:55.938 [Thread-4                 ] DEBUG Endpoint             - TCPServer successfully opened connection (2)
17:58:55.939 [TCPServer_SendThread-2   ] DEBUG Writers              - Getting TCPMessageWriter for class java.lang.String
17:58:55.939 [TCPServer_RecvThread-2   ] DEBUG Readers              - Getting TCPMessageReader for class java.lang.String
17:58:55.939 [TCPServer_SendThread-2   ] DEBUG Writers              - Constructed TCPMessageWriter for class java.lang.String: MessageWriterS
17:58:55.940 [TCPServer_RecvThread-2   ] DEBUG Readers              - Constructed MessageReader for class java.lang.String: MessageReaderS
17:59:17.316 [JavaFX Application Thread] DEBUG Input                - Mocking key release: W
17:59:18.407 [JavaFX Application Thread] DEBUG Input                - Mocking key press: I
17:59:18.586 [JavaFX Application Thread] DEBUG Input                - Mocking key release: I
17:59:18.631 [JavaFX Application Thread] DEBUG Input                - Mocking key press: K
17:59:18.827 [JavaFX Application Thread] DEBUG Input                - Mocking key release: K
17:59:18.951 [JavaFX Application Thread] DEBUG Connection           - Closing connection 2
17:59:18.952 [JavaFX Application Thread] DEBUG Connection           - Connection 2 was correctly closed from local endpoint.
17:59:18.953 [TCPServer_RecvThread-2   ] DEBUG Endpoint             - TCPServer connection (2) was closed
18:07:55.482 [Thread-4                 ] DEBUG Endpoint             - TCPServer opening new connection (3) from /127.0.0.1:62794 type: class java.lang.String
18:07:55.482 [Thread-4                 ] DEBUG Endpoint             - TCPServer successfully opened connection (3)
18:07:55.483 [TCPServer_SendThread-3   ] DEBUG Writers              - Getting TCPMessageWriter for class java.lang.String
18:07:55.483 [TCPServer_RecvThread-3   ] DEBUG Readers              - Getting TCPMessageReader for class java.lang.String
18:07:55.484 [TCPServer_RecvThread-3   ] DEBUG Readers              - Constructed MessageReader for class java.lang.String: MessageReaderS
18:07:55.484 [TCPServer_SendThread-3   ] DEBUG Writers              - Constructed TCPMessageWriter for class java.lang.String: MessageWriterS
18:08:05.028 [JavaFX Application Thread] DEBUG LoopRunner           - Stopping loop
18:08:05.031 [JavaFX Application Thread] FATAL FXGLApplication      - Uncaught Exception:
java.lang.IllegalArgumentException: Property ID does not exist
	at com.almasb.fxgl.core/com.almasb.fxgl.core.collection.PropertyMap.get(PropertyMap.kt:215)
	at com.almasb.fxgl.core/com.almasb.fxgl.core.collection.PropertyMap.stringProperty(PropertyMap.kt:139)
	at com.almasb.fxgl.core/com.almasb.fxgl.core.collection.PropertyMap.getString(PropertyMap.kt:129)
	at pong.main/com.almasb.fxglgames.pong.PongApp.lambda$onReceive$3(PongApp.java:354)
	at java.base/java.util.stream.ForEachOps$ForEachOp$OfRef.accept(ForEachOps.java:183)
	at java.base/java.util.stream.SliceOps$1$1.accept(SliceOps.java:200)
	at java.base/java.util.Spliterators$ArraySpliterator.forEachRemaining(Spliterators.java:1006)
	at java.base/java.util.stream.AbstractPipeline.copyInto(AbstractPipeline.java:509)
	at java.base/java.util.stream.AbstractPipeline.wrapAndCopyInto(AbstractPipeline.java:499)
	at java.base/java.util.stream.ForEachOps$ForEachOp.evaluateSequential(ForEachOps.java:150)
	at java.base/java.util.stream.ForEachOps$ForEachOp$OfRef.evaluateSequential(ForEachOps.java:173)
	at java.base/java.util.stream.AbstractPipeline.evaluate(AbstractPipeline.java:234)
	at java.base/java.util.stream.ReferencePipeline.forEach(ReferencePipeline.java:596)
	at pong.main/com.almasb.fxglgames.pong.PongApp.onReceive(PongApp.java:352)
	at pong.main/com.almasb.fxglgames.pong.PongApp.onReceive(PongApp.java:66)
	at com.almasb.fxgl.net/com.almasb.fxgl.net.Connection.lambda$notifyMessageReceived$1(Connection.java:100)
	at java.base/java.util.ArrayList.forEach(ArrayList.java:1511)
	at com.almasb.fxgl.net/com.almasb.fxgl.net.Connection.lambda$notifyMessageReceived$2(Connection.java:100)
	at javafx.graphics/com.sun.javafx.application.PlatformImpl.lambda$runLater$10(PlatformImpl.java:428)
	at java.base/java.security.AccessController.doPrivileged(AccessController.java:399)
	at javafx.graphics/com.sun.javafx.application.PlatformImpl.lambda$runLater$11(PlatformImpl.java:427)
	at javafx.graphics/com.sun.glass.ui.InvokeLaterDispatcher$Future.run(InvokeLaterDispatcher.java:96)
	at javafx.graphics/com.sun.glass.ui.win.WinApplication._runLoop(Native Method)
	at javafx.graphics/com.sun.glass.ui.win.WinApplication.lambda$runLoop$3(WinApplication.java:174)
	at java.base/java.lang.Thread.run(Thread.java:1589)

18:08:05.031 [JavaFX Application Thread] FATAL FXGLApplication      - Application will now exit
18:08:05.081 [JavaFX Application Thread] DEBUG MainWindow           - Push state: ErrorSubScene
18:08:05.082 [JavaFX Application Thread] DEBUG Input                - Clearing active input actions
18:08:05.091 [JavaFX Application Thread] DEBUG GameApplicationServi - Removing overlay from GameScene and adding to ErrorSubScene
18:08:05.092 [JavaFX Application Thread] DEBUG MainWindow           - GameScene -> ErrorSubScene
18:08:11.176 [JavaFX Application Thread] DEBUG FXGLApplication      - Exiting FXGL
18:08:11.177 [JavaFX Application Thread] DEBUG Async                - Shutting down background threads
18:08:11.178 [JavaFX Application Thread] DEBUG MainWindow           - Closing main window
18:08:11.209 [JavaFX Application Thread] DEBUG Logger               - Closing Logger
